2026-03-10 12:07:58 - train - INFO - Output directory: /data/yanjie_huang/LLPS/predictor/PhaseFlow/outputs/output_flow32_missing7_20260310
2026-03-10 12:07:58 - train - INFO - CUDA context initialized
2026-03-10 12:07:58 - train - INFO - Loading data...
2026-03-10 12:07:58 - train - INFO - Using missing threshold split: threshold=7
2026-03-10 12:07:58 - train - INFO - Using hardcoded val/test sets from phase_diagram/val_set.csv and test_set.csv
2026-03-10 12:07:59 - train - INFO - Train samples (missing <= 7): 75509
2026-03-10 12:07:59 - train - INFO - Val samples: 500
2026-03-10 12:07:59 - train - INFO - Test samples: 500
2026-03-10 12:07:59 - train - INFO - Creating model...
2026-03-10 12:07:59 - train - INFO - Using Set Transformer encoder: False
2026-03-10 12:07:59 - train - INFO - Model parameters: 6.85M (6,849,312)
2026-03-10 12:07:59 - train - INFO - Visualization directory: /data/yanjie_huang/LLPS/predictor/PhaseFlow/visual_training/flow32_missing7_20260310
2026-03-10 12:07:59 - train - INFO - Starting training...
2026-03-10 12:08:08 - train - INFO - Epoch 1 - Train Loss: 41.1069, Flow: 1.1771, LM: 3.4409
2026-03-10 12:08:08 - train - INFO - Validation - Loss: 53.2772, Flow: 1.5614, LM: 3.3134, Perplexity: 27.48
2026-03-10 12:08:08 - train - INFO - Phase Metrics - MSE: 1.6090, MAE: 1.0105, RMSE: 1.2685, Pearson: 0.0814, Spearman: 0.0796
2026-03-10 12:08:10 - train - INFO - Saved best model with val_loss=53.2772
2026-03-10 12:08:17 - train - INFO - Epoch 2 - Train Loss: 38.3589, Flow: 1.1004, LM: 3.1456
2026-03-10 12:08:17 - train - INFO - Validation - Loss: 50.0462, Flow: 1.4702, LM: 3.0011, Perplexity: 20.11
2026-03-10 12:08:17 - train - INFO - Phase Metrics - MSE: 1.3770, MAE: 0.9309, RMSE: 1.1734, Pearson: 0.1108, Spearman: 0.1072
2026-03-10 12:08:19 - train - INFO - Saved best model with val_loss=50.0462
2026-03-10 12:08:26 - train - INFO - Epoch 3 - Train Loss: 34.8047, Flow: 0.9996, LM: 2.8189
2026-03-10 12:08:27 - train - INFO - Validation - Loss: 42.2342, Flow: 1.2388, LM: 2.5925, Perplexity: 13.36
2026-03-10 12:08:27 - train - INFO - Phase Metrics - MSE: 0.7396, MAE: 0.6797, RMSE: 0.8600, Pearson: 0.2099, Spearman: 0.2107
2026-03-10 12:08:28 - train - INFO - Saved best model with val_loss=42.2342
2026-03-10 12:08:36 - train - INFO - Epoch 4 - Train Loss: 31.1064, Flow: 0.8948, LM: 2.4733
2026-03-10 12:08:36 - train - INFO - Validation - Loss: 41.0109, Flow: 1.2082, LM: 2.3487, Perplexity: 10.47
2026-03-10 12:08:36 - train - INFO - Phase Metrics - MSE: 0.6563, MAE: 0.6369, RMSE: 0.8102, Pearson: 0.2666, Spearman: 0.2685
2026-03-10 12:08:38 - train - INFO - Saved best model with val_loss=41.0109
2026-03-10 12:08:45 - train - INFO - Epoch 5 - Train Loss: 30.4453, Flow: 0.8784, LM: 2.3360
2026-03-10 12:08:45 - train - INFO - Validation - Loss: 41.2987, Flow: 1.2191, LM: 2.2891, Perplexity: 9.87
2026-03-10 12:08:45 - train - INFO - Phase Metrics - MSE: 0.6204, MAE: 0.6212, RMSE: 0.7877, Pearson: 0.2841, Spearman: 0.2871
2026-03-10 12:08:54 - train - INFO - Epoch 6 - Train Loss: 30.1818, Flow: 0.8717, LM: 2.2859
2026-03-10 12:08:54 - train - INFO - Validation - Loss: 40.5536, Flow: 1.1970, LM: 2.2498, Perplexity: 9.49
2026-03-10 12:08:54 - train - INFO - Phase Metrics - MSE: 0.6151, MAE: 0.6171, RMSE: 0.7843, Pearson: 0.3097, Spearman: 0.3088
2026-03-10 12:08:56 - train - INFO - Saved best model with val_loss=40.5536
2026-03-10 12:09:04 - train - INFO - Epoch 7 - Train Loss: 29.9623, Flow: 0.8663, LM: 2.2422
2026-03-10 12:09:04 - train - INFO - Validation - Loss: 39.1215, Flow: 1.1533, LM: 2.2151, Perplexity: 9.16
2026-03-10 12:09:04 - train - INFO - Phase Metrics - MSE: 0.6008, MAE: 0.6121, RMSE: 0.7751, Pearson: 0.3067, Spearman: 0.3070
2026-03-10 12:09:06 - train - INFO - Saved best model with val_loss=39.1215
2026-03-10 12:09:13 - train - INFO - Epoch 8 - Train Loss: 29.8959, Flow: 0.8648, LM: 2.2238
2026-03-10 12:09:13 - train - INFO - Validation - Loss: 38.5953, Flow: 1.1373, LM: 2.2026, Perplexity: 9.05
2026-03-10 12:09:13 - train - INFO - Phase Metrics - MSE: 0.6028, MAE: 0.6127, RMSE: 0.7764, Pearson: 0.3129, Spearman: 0.3106
2026-03-10 12:09:15 - train - INFO - Saved best model with val_loss=38.5953
2026-03-10 12:09:22 - train - INFO - Epoch 9 - Train Loss: 29.8102, Flow: 0.8624, LM: 2.2132
2026-03-10 12:09:22 - train - INFO - Validation - Loss: 40.6787, Flow: 1.2026, LM: 2.1941, Perplexity: 8.97
2026-03-10 12:09:22 - train - INFO - Phase Metrics - MSE: 0.6053, MAE: 0.6141, RMSE: 0.7780, Pearson: 0.3173, Spearman: 0.3090
2026-03-10 12:09:31 - train - INFO - Epoch 10 - Train Loss: 29.7439, Flow: 0.8606, LM: 2.2060
2026-03-10 12:09:32 - train - INFO - Validation - Loss: 37.9035, Flow: 1.1161, LM: 2.1887, Perplexity: 8.92
2026-03-10 12:09:32 - train - INFO - Phase Metrics - MSE: 0.5996, MAE: 0.6086, RMSE: 0.7743, Pearson: 0.3239, Spearman: 0.3227
2026-03-10 12:09:34 - train - INFO - Saved best model with val_loss=37.9035
2026-03-10 12:09:41 - train - INFO - Epoch 11 - Train Loss: 29.7135, Flow: 0.8598, LM: 2.1997
2026-03-10 12:09:41 - train - INFO - Validation - Loss: 40.1765, Flow: 1.1874, LM: 2.1810, Perplexity: 8.85
2026-03-10 12:09:41 - train - INFO - Phase Metrics - MSE: 0.5868, MAE: 0.6029, RMSE: 0.7660, Pearson: 0.3235, Spearman: 0.3182
2026-03-10 12:09:50 - train - INFO - Epoch 12 - Train Loss: 29.5663, Flow: 0.8555, LM: 2.1906
2026-03-10 12:09:50 - train - INFO - Validation - Loss: 39.7460, Flow: 1.1742, LM: 2.1712, Perplexity: 8.77
2026-03-10 12:09:50 - train - INFO - Phase Metrics - MSE: 0.5947, MAE: 0.6052, RMSE: 0.7712, Pearson: 0.3358, Spearman: 0.3327
2026-03-10 12:09:59 - train - INFO - Epoch 13 - Train Loss: 29.5738, Flow: 0.8559, LM: 2.1841
2026-03-10 12:09:59 - train - INFO - Validation - Loss: 39.8942, Flow: 1.1788, LM: 2.1734, Perplexity: 8.79
2026-03-10 12:09:59 - train - INFO - Phase Metrics - MSE: 0.5839, MAE: 0.6010, RMSE: 0.7642, Pearson: 0.3303, Spearman: 0.3294
2026-03-10 12:10:08 - train - INFO - Epoch 14 - Train Loss: 29.5126, Flow: 0.8542, LM: 2.1774
2026-03-10 12:10:08 - train - INFO - Validation - Loss: 39.6695, Flow: 1.1722, LM: 2.1591, Perplexity: 8.66
2026-03-10 12:10:08 - train - INFO - Phase Metrics - MSE: 0.6322, MAE: 0.6271, RMSE: 0.7951, Pearson: 0.3352, Spearman: 0.3310
2026-03-10 12:10:18 - train - INFO - Epoch 15 - Train Loss: 29.5011, Flow: 0.8540, LM: 2.1731
2026-03-10 12:10:18 - train - INFO - Validation - Loss: 39.3281, Flow: 1.1616, LM: 2.1562, Perplexity: 8.64
2026-03-10 12:10:18 - train - INFO - Phase Metrics - MSE: 0.5970, MAE: 0.6064, RMSE: 0.7727, Pearson: 0.3236, Spearman: 0.3179
2026-03-10 12:10:27 - train - INFO - Epoch 16 - Train Loss: 29.4026, Flow: 0.8509, LM: 2.1730
2026-03-10 12:10:27 - train - INFO - Validation - Loss: 38.7362, Flow: 1.1430, LM: 2.1606, Perplexity: 8.68
2026-03-10 12:10:27 - train - INFO - Phase Metrics - MSE: 0.6054, MAE: 0.6134, RMSE: 0.7781, Pearson: 0.3432, Spearman: 0.3384
2026-03-10 12:10:36 - train - INFO - Epoch 17 - Train Loss: 29.3583, Flow: 0.8496, LM: 2.1701
2026-03-10 12:10:36 - train - INFO - Validation - Loss: 37.9651, Flow: 1.1191, LM: 2.1534, Perplexity: 8.61
2026-03-10 12:10:36 - train - INFO - Phase Metrics - MSE: 0.5924, MAE: 0.6027, RMSE: 0.7697, Pearson: 0.3306, Spearman: 0.3291
2026-03-10 12:10:45 - train - INFO - Epoch 18 - Train Loss: 29.3976, Flow: 0.8510, LM: 2.1647
2026-03-10 12:10:45 - train - INFO - Validation - Loss: 39.5024, Flow: 1.1672, LM: 2.1509, Perplexity: 8.59
2026-03-10 12:10:45 - train - INFO - Phase Metrics - MSE: 0.5893, MAE: 0.6063, RMSE: 0.7676, Pearson: 0.3353, Spearman: 0.3305
2026-03-10 12:10:55 - train - INFO - Epoch 19 - Train Loss: 29.2716, Flow: 0.8471, LM: 2.1629
2026-03-10 12:10:55 - train - INFO - Validation - Loss: 39.5664, Flow: 1.1693, LM: 2.1487, Perplexity: 8.57
2026-03-10 12:10:55 - train - INFO - Phase Metrics - MSE: 0.6066, MAE: 0.6141, RMSE: 0.7789, Pearson: 0.3524, Spearman: 0.3462
2026-03-10 12:11:04 - train - INFO - Epoch 20 - Train Loss: 29.2598, Flow: 0.8468, LM: 2.1611
2026-03-10 12:11:04 - train - INFO - Validation - Loss: 39.2051, Flow: 1.1580, LM: 2.1500, Perplexity: 8.58
2026-03-10 12:11:04 - train - INFO - Phase Metrics - MSE: 0.5871, MAE: 0.6011, RMSE: 0.7662, Pearson: 0.3399, Spearman: 0.3349
2026-03-10 12:11:13 - train - INFO - Epoch 21 - Train Loss: 29.2194, Flow: 0.8456, LM: 2.1603
2026-03-10 12:11:13 - train - INFO - Validation - Loss: 38.4695, Flow: 1.1351, LM: 2.1459, Perplexity: 8.55
2026-03-10 12:11:13 - train - INFO - Phase Metrics - MSE: 0.5831, MAE: 0.6013, RMSE: 0.7636, Pearson: 0.3453, Spearman: 0.3402
2026-03-10 12:11:22 - train - INFO - Epoch 22 - Train Loss: 29.2237, Flow: 0.8458, LM: 2.1584
2026-03-10 12:11:22 - train - INFO - Validation - Loss: 39.5291, Flow: 1.1683, LM: 2.1448, Perplexity: 8.54
2026-03-10 12:11:22 - train - INFO - Phase Metrics - MSE: 0.6179, MAE: 0.6226, RMSE: 0.7861, Pearson: 0.3400, Spearman: 0.3351
2026-03-10 12:11:32 - train - INFO - Epoch 23 - Train Loss: 29.2259, Flow: 0.8459, LM: 2.1572
2026-03-10 12:11:32 - train - INFO - Validation - Loss: 39.0453, Flow: 1.1531, LM: 2.1463, Perplexity: 8.55
2026-03-10 12:11:32 - train - INFO - Phase Metrics - MSE: 0.5982, MAE: 0.6079, RMSE: 0.7734, Pearson: 0.3424, Spearman: 0.3400
2026-03-10 12:11:41 - train - INFO - Epoch 24 - Train Loss: 29.1419, Flow: 0.8433, LM: 2.1559
2026-03-10 12:11:41 - train - INFO - Validation - Loss: 38.9154, Flow: 1.1491, LM: 2.1447, Perplexity: 8.54
2026-03-10 12:11:41 - train - INFO - Phase Metrics - MSE: 0.5884, MAE: 0.6049, RMSE: 0.7671, Pearson: 0.3308, Spearman: 0.3287
2026-03-10 12:11:50 - train - INFO - Epoch 25 - Train Loss: 29.1658, Flow: 0.8441, LM: 2.1545
2026-03-10 12:11:50 - train - INFO - Validation - Loss: 38.8897, Flow: 1.1484, LM: 2.1411, Perplexity: 8.51
2026-03-10 12:11:50 - train - INFO - Phase Metrics - MSE: 0.5941, MAE: 0.6071, RMSE: 0.7708, Pearson: 0.3580, Spearman: 0.3522
2026-03-10 12:11:59 - train - INFO - Epoch 26 - Train Loss: 29.0837, Flow: 0.8416, LM: 2.1524
2026-03-10 12:11:59 - train - INFO - Validation - Loss: 38.6160, Flow: 1.1399, LM: 2.1404, Perplexity: 8.50
2026-03-10 12:11:59 - train - INFO - Phase Metrics - MSE: 0.5789, MAE: 0.5978, RMSE: 0.7608, Pearson: 0.3429, Spearman: 0.3412
2026-03-10 12:12:09 - train - INFO - Epoch 27 - Train Loss: 29.0205, Flow: 0.8396, LM: 2.1520
2026-03-10 12:12:09 - train - INFO - Validation - Loss: 40.6722, Flow: 1.2041, LM: 2.1414, Perplexity: 8.51
2026-03-10 12:12:09 - train - INFO - Phase Metrics - MSE: 0.5913, MAE: 0.6048, RMSE: 0.7690, Pearson: 0.3460, Spearman: 0.3412
2026-03-10 12:12:18 - train - INFO - Epoch 28 - Train Loss: 28.9425, Flow: 0.8372, LM: 2.1508
2026-03-10 12:12:18 - train - INFO - Validation - Loss: 39.3465, Flow: 1.1627, LM: 2.1404, Perplexity: 8.50
2026-03-10 12:12:18 - train - INFO - Phase Metrics - MSE: 0.5795, MAE: 0.5976, RMSE: 0.7613, Pearson: 0.3512, Spearman: 0.3474
2026-03-10 12:12:27 - train - INFO - Epoch 29 - Train Loss: 29.0471, Flow: 0.8405, LM: 2.1495
2026-03-10 12:12:27 - train - INFO - Validation - Loss: 38.5436, Flow: 1.1377, LM: 2.1370, Perplexity: 8.47
2026-03-10 12:12:27 - train - INFO - Phase Metrics - MSE: 0.6046, MAE: 0.6111, RMSE: 0.7775, Pearson: 0.3424, Spearman: 0.3401
2026-03-10 12:12:36 - train - INFO - Epoch 30 - Train Loss: 29.0061, Flow: 0.8393, LM: 2.1480
2026-03-10 12:12:36 - train - INFO - Validation - Loss: 38.9484, Flow: 1.1504, LM: 2.1352, Perplexity: 8.46
2026-03-10 12:12:36 - train - INFO - Phase Metrics - MSE: 0.5873, MAE: 0.6029, RMSE: 0.7664, Pearson: 0.3515, Spearman: 0.3442
2026-03-10 12:12:38 - train - INFO - Early stopping triggered at epoch 30
2026-03-10 12:12:38 - train - INFO - Training completed!
2026-03-10 12:12:38 - train - INFO - Best validation loss: 37.9035
2026-03-10 12:12:38 - train - INFO - 
Evaluating on test set (incomplete phase diagrams)...
2026-03-10 12:12:38 - train - INFO - ============================================================
2026-03-10 12:12:38 - train - INFO - TEST SET EVALUATION
2026-03-10 12:12:38 - train - INFO - ============================================================
2026-03-10 12:12:38 - train - INFO - Test - Loss: 40.4496, Flow: 1.1975, LM: 2.1288, Perplexity: 8.41
2026-03-10 12:12:38 - train - INFO - Phase Metrics - MSE: 0.6044, MAE: 0.6135, RMSE: 0.7774, Pearson: 0.3766, Spearman: 0.3704
2026-03-10 12:12:38 - train - INFO - ============================================================
