
ITO:   0%|          | 0/509 [00:00<?, ?it/s]
ITO:   0%|          | 1/509 [00:01<15:45,  1.86s/it]
ITO:   0%|          | 2/509 [00:03<14:02,  1.66s/it]
ITO:   1%|          | 3/509 [00:04<13:24,  1.59s/it]
ITO:   1%|          | 4/509 [00:06<13:06,  1.56s/it]
ITO:   1%|          | 5/509 [00:07<12:55,  1.54s/it]
ITO:   1%|          | 6/509 [00:09<12:47,  1.53s/it]
ITO:   1%|▏         | 7/509 [00:10<12:43,  1.52s/it]
ITO:   2%|▏         | 8/509 [00:12<12:40,  1.52s/it]
ITO:   2%|▏         | 9/509 [00:13<12:37,  1.52s/it]
ITO:   2%|▏         | 10/509 [00:15<12:35,  1.51s/it]
ITO:   2%|▏         | 11/509 [00:16<12:33,  1.51s/it]
ITO:   2%|▏         | 12/509 [00:18<12:30,  1.51s/it]
ITO:   3%|▎         | 13/509 [00:19<12:27,  1.51s/it]
ITO:   3%|▎         | 14/509 [00:21<12:25,  1.51s/it]
ITO:   3%|▎         | 15/509 [00:22<12:24,  1.51s/it]
ITO:   3%|▎         | 16/509 [00:24<12:22,  1.51s/it]
ITO:   3%|▎         | 17/509 [00:25<12:22,  1.51s/it]
ITO:   4%|▎         | 18/509 [00:27<12:19,  1.51s/it]
ITO:   4%|▎         | 19/509 [00:28<12:15,  1.50s/it]
ITO:   4%|▍         | 20/509 [00:30<12:12,  1.50s/it]
ITO:   4%|▍         | 21/509 [00:31<12:12,  1.50s/it]
ITO:   4%|▍         | 22/509 [00:33<12:10,  1.50s/it]
ITO:   5%|▍         | 23/509 [00:34<12:09,  1.50s/it]
ITO:   5%|▍         | 24/509 [00:36<12:08,  1.50s/it]
ITO:   5%|▍         | 25/509 [00:37<12:06,  1.50s/it]
ITO:   5%|▌         | 26/509 [00:39<12:03,  1.50s/it]
ITO:   5%|▌         | 27/509 [00:40<12:02,  1.50s/it]
ITO:   6%|▌         | 28/509 [00:42<12:00,  1.50s/it]
ITO:   6%|▌         | 29/509 [00:43<12:00,  1.50s/it]
ITO:   6%|▌         | 30/509 [00:45<11:58,  1.50s/it]
ITO:   6%|▌         | 31/509 [00:46<11:57,  1.50s/it]
ITO:   6%|▋         | 32/509 [00:48<11:54,  1.50s/it]
ITO:   6%|▋         | 33/509 [00:49<11:52,  1.50s/it]
ITO:   7%|▋         | 34/509 [00:51<11:50,  1.50s/it]
ITO:   7%|▋         | 35/509 [00:52<11:50,  1.50s/it]
ITO:   7%|▋         | 36/509 [00:54<11:49,  1.50s/it]
ITO:   7%|▋         | 37/509 [00:55<11:48,  1.50s/it]
ITO:   7%|▋         | 38/509 [00:57<11:47,  1.50s/it]
ITO:   8%|▊         | 39/509 [00:58<11:43,  1.50s/it]
ITO:   8%|▊         | 40/509 [01:00<11:42,  1.50s/it]
ITO:   8%|▊         | 41/509 [01:01<11:39,  1.50s/it]
ITO:   8%|▊         | 42/509 [01:03<11:38,  1.50s/it]
ITO:   8%|▊         | 43/509 [01:04<11:36,  1.49s/it]
ITO:   9%|▊         | 44/509 [01:06<11:35,  1.49s/it]
ITO:   9%|▉         | 45/509 [01:07<11:34,  1.50s/it]
ITO:   9%|▉         | 46/509 [01:09<11:33,  1.50s/it]
ITO:   9%|▉         | 47/509 [01:10<11:31,  1.50s/it]
ITO:   9%|▉         | 48/509 [01:12<11:31,  1.50s/it]
ITO:  10%|▉         | 49/509 [01:13<11:31,  1.50s/it]
ITO:  10%|▉         | 50/509 [01:15<11:30,  1.50s/it]
ITO:  10%|█         | 51/509 [01:16<11:29,  1.51s/it]
ITO:  10%|█         | 52/509 [01:18<11:26,  1.50s/it]
ITO:  10%|█         | 53/509 [01:19<11:23,  1.50s/it]
ITO:  11%|█         | 54/509 [01:21<11:20,  1.50s/it]
ITO:  11%|█         | 55/509 [01:22<11:19,  1.50s/it]
ITO:  11%|█         | 56/509 [01:24<11:17,  1.50s/it]
ITO:  11%|█         | 57/509 [01:25<11:16,  1.50s/it]
ITO:  11%|█▏        | 58/509 [01:27<11:15,  1.50s/it]
ITO:  12%|█▏        | 59/509 [01:28<11:12,  1.49s/it]
ITO:  12%|█▏        | 60/509 [01:30<11:12,  1.50s/it]
ITO:  12%|█▏        | 61/509 [01:31<11:10,  1.50s/it]
ITO:  12%|█▏        | 62/509 [01:33<11:09,  1.50s/it]
ITO:  12%|█▏        | 63/509 [01:34<11:09,  1.50s/it]
ITO:  13%|█▎        | 64/509 [01:36<11:08,  1.50s/it]
ITO:  13%|█▎        | 65/509 [01:37<11:08,  1.51s/it]
ITO:  13%|█▎        | 66/509 [01:39<11:05,  1.50s/it]
ITO:  13%|█▎        | 67/509 [01:40<11:03,  1.50s/it]
ITO:  13%|█▎        | 68/509 [01:42<11:01,  1.50s/it]
ITO:  14%|█▎        | 69/509 [01:43<11:00,  1.50s/it]
ITO:  14%|█▍        | 70/509 [01:45<10:58,  1.50s/it]
ITO:  14%|█▍        | 71/509 [01:46<10:57,  1.50s/it]
ITO:  14%|█▍        | 72/509 [01:48<10:55,  1.50s/it]
ITO:  14%|█▍        | 73/509 [01:49<10:52,  1.50s/it]
ITO:  15%|█▍        | 74/509 [01:51<10:51,  1.50s/it]
ITO:  15%|█▍        | 75/509 [01:52<10:49,  1.50s/it]
ITO:  15%|█▍        | 76/509 [01:54<10:48,  1.50s/it]
ITO:  15%|█▌        | 77/509 [01:55<10:47,  1.50s/it]
ITO:  15%|█▌        | 78/509 [01:57<10:46,  1.50s/it]
ITO:  16%|█▌        | 79/509 [01:58<10:45,  1.50s/it]
ITO:  16%|█▌        | 80/509 [02:00<10:43,  1.50s/it]
ITO:  16%|█▌        | 81/509 [02:01<10:41,  1.50s/it]
ITO:  16%|█▌        | 82/509 [02:03<10:40,  1.50s/it]
ITO:  16%|█▋        | 83/509 [02:04<10:39,  1.50s/it]
ITO:  17%|█▋        | 84/509 [02:06<10:38,  1.50s/it]
ITO:  17%|█▋        | 85/509 [02:07<10:35,  1.50s/it]
ITO:  17%|█▋        | 86/509 [02:09<10:31,  1.49s/it]
ITO:  17%|█▋        | 87/509 [02:10<10:30,  1.50s/it]
ITO:  17%|█▋        | 88/509 [02:12<10:29,  1.50s/it]
ITO:  17%|█▋        | 89/509 [02:13<10:27,  1.49s/it]
ITO:  18%|█▊        | 90/509 [02:15<10:26,  1.50s/it]
ITO:  18%|█▊        | 91/509 [02:16<10:23,  1.49s/it]
ITO:  18%|█▊        | 92/509 [02:18<10:21,  1.49s/it]
ITO:  18%|█▊        | 93/509 [02:19<10:20,  1.49s/it]
ITO:  18%|█▊        | 94/509 [02:21<10:19,  1.49s/it]
ITO:  19%|█▊        | 95/509 [02:22<10:17,  1.49s/it]
ITO:  19%|█▉        | 96/509 [02:24<10:15,  1.49s/it]
ITO:  19%|█▉        | 97/509 [02:25<10:13,  1.49s/it]
ITO:  19%|█▉        | 98/509 [02:27<10:13,  1.49s/it]
ITO:  19%|█▉        | 99/509 [02:28<10:13,  1.50s/it]
ITO:  20%|█▉        | 100/509 [02:30<10:16,  1.51s/it]
ITO:  20%|█▉        | 101/509 [02:31<10:18,  1.51s/it]
ITO:  20%|██        | 102/509 [02:33<10:17,  1.52s/it]
ITO:  20%|██        | 103/509 [02:34<10:16,  1.52s/it]
ITO:  20%|██        | 104/509 [02:36<10:16,  1.52s/it]
ITO:  21%|██        | 105/509 [02:37<10:15,  1.52s/it]
ITO:  21%|██        | 106/509 [02:39<10:14,  1.52s/it]
ITO:  21%|██        | 107/509 [02:41<10:12,  1.52s/it]
ITO:  21%|██        | 108/509 [02:42<10:11,  1.52s/it]
ITO:  21%|██▏       | 109/509 [02:44<10:08,  1.52s/it]
ITO:  22%|██▏       | 110/509 [02:45<10:06,  1.52s/it]
ITO:  22%|██▏       | 111/509 [02:47<10:04,  1.52s/it]
ITO:  22%|██▏       | 112/509 [02:48<10:04,  1.52s/it]
ITO:  22%|██▏       | 113/509 [02:50<10:03,  1.52s/it]
ITO:  22%|██▏       | 114/509 [02:51<10:02,  1.53s/it]
ITO:  23%|██▎       | 115/509 [02:53<10:01,  1.53s/it]
ITO:  23%|██▎       | 116/509 [02:54<10:00,  1.53s/it]
ITO:  23%|██▎       | 117/509 [02:56<09:58,  1.53s/it]
ITO:  23%|██▎       | 118/509 [02:57<09:56,  1.53s/it]
ITO:  23%|██▎       | 119/509 [02:59<09:54,  1.53s/it]
ITO:  24%|██▎       | 120/509 [03:00<09:53,  1.53s/it]
ITO:  24%|██▍       | 121/509 [03:02<09:52,  1.53s/it]
ITO:  24%|██▍       | 122/509 [03:03<09:50,  1.52s/it]
ITO:  24%|██▍       | 123/509 [03:05<09:48,  1.52s/it]
ITO:  24%|██▍       | 124/509 [03:06<09:44,  1.52s/it]
ITO:  25%|██▍       | 125/509 [03:08<09:44,  1.52s/it]
ITO:  25%|██▍       | 126/509 [03:09<09:44,  1.53s/it]
ITO:  25%|██▍       | 127/509 [03:11<09:41,  1.52s/it]
ITO:  25%|██▌       | 128/509 [03:12<09:33,  1.51s/it]
ITO:  25%|██▌       | 129/509 [03:14<09:31,  1.50s/it]
ITO:  26%|██▌       | 130/509 [03:15<09:28,  1.50s/it]
ITO:  26%|██▌       | 131/509 [03:17<09:26,  1.50s/it]
ITO:  26%|██▌       | 132/509 [03:18<09:24,  1.50s/it]
ITO:  26%|██▌       | 133/509 [03:20<09:22,  1.49s/it]
ITO:  26%|██▋       | 134/509 [03:21<09:19,  1.49s/it]
ITO:  27%|██▋       | 135/509 [03:23<09:18,  1.49s/it]
ITO:  27%|██▋       | 136/509 [03:24<09:18,  1.50s/it]
ITO:  27%|██▋       | 137/509 [03:26<09:17,  1.50s/it]
ITO:  27%|██▋       | 138/509 [03:27<09:15,  1.50s/it]
ITO:  27%|██▋       | 139/509 [03:29<09:12,  1.49s/it]
ITO:  28%|██▊       | 140/509 [03:30<09:11,  1.49s/it]
ITO:  28%|██▊       | 141/509 [03:32<09:09,  1.49s/it]
ITO:  28%|██▊       | 142/509 [03:33<09:08,  1.50s/it]
ITO:  28%|██▊       | 143/509 [03:35<09:07,  1.49s/it]
ITO:  28%|██▊       | 144/509 [03:36<09:06,  1.50s/it]
ITO:  28%|██▊       | 145/509 [03:38<09:03,  1.49s/it]
ITO:  29%|██▊       | 146/509 [03:39<09:01,  1.49s/it]
ITO:  29%|██▉       | 147/509 [03:41<09:00,  1.49s/it]
ITO:  29%|██▉       | 148/509 [03:42<08:58,  1.49s/it]
ITO:  29%|██▉       | 149/509 [03:44<08:58,  1.49s/it]
ITO:  29%|██▉       | 150/509 [03:45<08:57,  1.50s/it]
ITO:  30%|██▉       | 151/509 [03:47<08:56,  1.50s/it]
ITO:  30%|██▉       | 152/509 [03:48<08:54,  1.50s/it]
ITO:  30%|███       | 153/509 [03:50<08:51,  1.49s/it]
ITO:  30%|███       | 154/509 [03:51<08:49,  1.49s/it]
ITO:  30%|███       | 155/509 [03:53<08:47,  1.49s/it]
ITO:  31%|███       | 156/509 [03:54<08:46,  1.49s/it]
ITO:  31%|███       | 157/509 [03:56<08:44,  1.49s/it]
ITO:  31%|███       | 158/509 [03:57<08:43,  1.49s/it]
ITO:  31%|███       | 159/509 [03:59<08:42,  1.49s/it]
ITO:  31%|███▏      | 160/509 [04:00<08:41,  1.49s/it]
ITO:  32%|███▏      | 161/509 [04:02<08:40,  1.50s/it]
ITO:  32%|███▏      | 162/509 [04:03<08:39,  1.50s/it]
ITO:  32%|███▏      | 163/509 [04:05<08:38,  1.50s/it]
ITO:  32%|███▏      | 164/509 [04:06<08:36,  1.50s/it]
ITO:  32%|███▏      | 165/509 [04:08<08:35,  1.50s/it]
ITO:  33%|███▎      | 166/509 [04:09<08:32,  1.49s/it]
ITO:  33%|███▎      | 167/509 [04:11<08:30,  1.49s/it]
ITO:  33%|███▎      | 168/509 [04:12<08:30,  1.50s/it]
ITO:  33%|███▎      | 169/509 [04:14<08:30,  1.50s/it]
ITO:  33%|███▎      | 170/509 [04:15<08:29,  1.50s/it]
ITO:  34%|███▎      | 171/509 [04:17<08:27,  1.50s/it]
ITO:  34%|███▍      | 172/509 [04:18<08:25,  1.50s/it]
ITO:  34%|███▍      | 173/509 [04:20<08:23,  1.50s/it]
ITO:  34%|███▍      | 174/509 [04:21<08:21,  1.50s/it]
ITO:  34%|███▍      | 175/509 [04:23<08:19,  1.50s/it]
ITO:  35%|███▍      | 176/509 [04:24<08:17,  1.49s/it]
ITO:  35%|███▍      | 177/509 [04:26<08:16,  1.50s/it]
ITO:  35%|███▍      | 178/509 [04:27<08:14,  1.49s/it]
ITO:  35%|███▌      | 179/509 [04:29<08:12,  1.49s/it]
ITO:  35%|███▌      | 180/509 [04:30<08:11,  1.49s/it]
ITO:  36%|███▌      | 181/509 [04:32<08:10,  1.50s/it]
ITO:  36%|███▌      | 182/509 [04:33<08:08,  1.50s/it]
ITO:  36%|███▌      | 183/509 [04:35<08:06,  1.49s/it]
ITO:  36%|███▌      | 184/509 [04:36<08:05,  1.49s/it]
ITO:  36%|███▋      | 185/509 [04:38<08:03,  1.49s/it]
ITO:  37%|███▋      | 186/509 [04:39<08:02,  1.49s/it]
ITO:  37%|███▋      | 187/509 [04:41<08:00,  1.49s/it]
ITO:  37%|███▋      | 188/509 [04:42<07:58,  1.49s/it]
ITO:  37%|███▋      | 189/509 [04:44<07:57,  1.49s/it]
ITO:  37%|███▋      | 190/509 [04:45<07:55,  1.49s/it]
ITO:  38%|███▊      | 191/509 [04:47<07:54,  1.49s/it]
ITO:  38%|███▊      | 192/509 [04:48<07:53,  1.50s/it]
ITO:  38%|███▊      | 193/509 [04:50<07:51,  1.49s/it]
ITO:  38%|███▊      | 194/509 [04:51<07:49,  1.49s/it]
ITO:  38%|███▊      | 195/509 [04:53<07:48,  1.49s/it]
ITO:  39%|███▊      | 196/509 [04:54<07:46,  1.49s/it]
ITO:  39%|███▊      | 197/509 [04:56<07:41,  1.48s/it]
ITO:  39%|███▉      | 198/509 [04:57<07:39,  1.48s/it]
ITO:  39%|███▉      | 199/509 [04:59<07:38,  1.48s/it]
ITO:  39%|███▉      | 200/509 [05:00<07:39,  1.49s/it]
ITO:  39%|███▉      | 201/509 [05:01<07:38,  1.49s/it]
ITO:  40%|███▉      | 202/509 [05:03<07:37,  1.49s/it]
ITO:  40%|███▉      | 203/509 [05:04<07:37,  1.50s/it]
ITO:  40%|████      | 204/509 [05:06<07:36,  1.50s/it]
ITO:  40%|████      | 205/509 [05:07<07:34,  1.50s/it]
ITO:  40%|████      | 206/509 [05:09<07:32,  1.49s/it]
ITO:  41%|████      | 207/509 [05:10<07:29,  1.49s/it]
ITO:  41%|████      | 208/509 [05:12<07:28,  1.49s/it]
ITO:  41%|████      | 209/509 [05:13<07:27,  1.49s/it]
ITO:  41%|████▏     | 210/509 [05:15<07:26,  1.49s/it]
ITO:  41%|████▏     | 211/509 [05:16<07:24,  1.49s/it]
ITO:  42%|████▏     | 212/509 [05:18<07:23,  1.49s/it]
ITO:  42%|████▏     | 213/509 [05:19<07:22,  1.49s/it]
ITO:  42%|████▏     | 214/509 [05:21<07:21,  1.50s/it]
ITO:  42%|████▏     | 215/509 [05:22<07:19,  1.49s/it]
ITO:  42%|████▏     | 216/509 [05:24<07:17,  1.49s/it]
ITO:  43%|████▎     | 217/509 [05:25<07:15,  1.49s/it]
ITO:  43%|████▎     | 218/509 [05:27<07:13,  1.49s/it]
ITO:  43%|████▎     | 219/509 [05:28<07:11,  1.49s/it]
ITO:  43%|████▎     | 220/509 [05:30<07:10,  1.49s/it]
ITO:  43%|████▎     | 221/509 [05:31<07:08,  1.49s/it]
ITO:  44%|████▎     | 222/509 [05:33<07:06,  1.49s/it]
ITO:  44%|████▍     | 223/509 [05:34<07:05,  1.49s/it]
ITO:  44%|████▍     | 224/509 [05:36<07:04,  1.49s/it]
ITO:  44%|████▍     | 225/509 [05:37<07:03,  1.49s/it]
ITO:  44%|████▍     | 226/509 [05:39<07:01,  1.49s/it]
ITO:  45%|████▍     | 227/509 [05:40<06:59,  1.49s/it]
ITO:  45%|████▍     | 228/509 [05:42<06:58,  1.49s/it]
ITO:  45%|████▍     | 229/509 [05:43<06:56,  1.49s/it]
ITO:  45%|████▌     | 230/509 [05:45<06:55,  1.49s/it]
ITO:  45%|████▌     | 231/509 [05:46<06:54,  1.49s/it]
ITO:  46%|████▌     | 232/509 [05:48<06:50,  1.48s/it]
ITO:  46%|████▌     | 233/509 [05:49<06:50,  1.49s/it]
ITO:  46%|████▌     | 234/509 [05:51<06:49,  1.49s/it]
ITO:  46%|████▌     | 235/509 [05:52<06:47,  1.49s/it]
ITO:  46%|████▋     | 236/509 [05:54<06:46,  1.49s/it]
ITO:  47%|████▋     | 237/509 [05:55<06:45,  1.49s/it]
ITO:  47%|████▋     | 238/509 [05:57<06:45,  1.49s/it]
ITO:  47%|████▋     | 239/509 [05:58<06:44,  1.50s/it]
ITO:  47%|████▋     | 240/509 [06:00<06:42,  1.50s/it]
ITO:  47%|████▋     | 241/509 [06:01<06:40,  1.50s/it]
ITO:  48%|████▊     | 242/509 [06:03<06:39,  1.50s/it]
ITO:  48%|████▊     | 243/509 [06:04<06:37,  1.50s/it]
ITO:  48%|████▊     | 244/509 [06:06<06:37,  1.50s/it]
ITO:  48%|████▊     | 245/509 [06:07<06:35,  1.50s/it]
ITO:  48%|████▊     | 246/509 [06:09<06:31,  1.49s/it]
ITO:  49%|████▊     | 247/509 [06:10<06:31,  1.50s/it]
ITO:  49%|████▊     | 248/509 [06:12<06:30,  1.50s/it]
ITO:  49%|████▉     | 249/509 [06:13<06:28,  1.50s/it]
ITO:  49%|████▉     | 250/509 [06:15<06:27,  1.50s/it]
ITO:  49%|████▉     | 251/509 [06:16<06:25,  1.49s/it]
ITO:  50%|████▉     | 252/509 [06:18<06:24,  1.50s/it]
ITO:  50%|████▉     | 253/509 [06:19<06:23,  1.50s/it]
ITO:  50%|████▉     | 254/509 [06:21<06:21,  1.50s/it]
ITO:  50%|█████     | 255/509 [06:22<06:20,  1.50s/it]
ITO:  50%|█████     | 256/509 [06:24<06:20,  1.50s/it]
ITO:  50%|█████     | 257/509 [06:25<06:18,  1.50s/it]
ITO:  51%|█████     | 258/509 [06:27<06:16,  1.50s/it]
ITO:  51%|█████     | 259/509 [06:28<06:15,  1.50s/it]
ITO:  51%|█████     | 260/509 [06:30<06:13,  1.50s/it]
ITO:  51%|█████▏    | 261/509 [06:31<06:11,  1.50s/it]
ITO:  51%|█████▏    | 262/509 [06:33<06:09,  1.50s/it]
ITO:  52%|█████▏    | 263/509 [06:34<06:07,  1.50s/it]
ITO:  52%|█████▏    | 264/509 [06:36<06:06,  1.50s/it]
ITO:  52%|█████▏    | 265/509 [06:37<06:06,  1.50s/it]
ITO:  52%|█████▏    | 266/509 [06:39<06:05,  1.50s/it]
ITO:  52%|█████▏    | 267/509 [06:40<06:03,  1.50s/it]
ITO:  53%|█████▎    | 268/509 [06:42<06:02,  1.50s/it]
ITO:  53%|█████▎    | 269/509 [06:43<06:00,  1.50s/it]
ITO:  53%|█████▎    | 270/509 [06:45<05:59,  1.50s/it]
ITO:  53%|█████▎    | 271/509 [06:46<05:57,  1.50s/it]
ITO:  53%|█████▎    | 272/509 [06:48<05:55,  1.50s/it]
ITO:  54%|█████▎    | 273/509 [06:49<05:51,  1.49s/it]
ITO:  54%|█████▍    | 274/509 [06:51<05:50,  1.49s/it]
ITO:  54%|█████▍    | 275/509 [06:52<05:48,  1.49s/it]
ITO:  54%|█████▍    | 276/509 [06:54<05:47,  1.49s/it]
ITO:  54%|█████▍    | 277/509 [06:55<05:46,  1.49s/it]
ITO:  55%|█████▍    | 278/509 [06:57<05:44,  1.49s/it]
ITO:  55%|█████▍    | 279/509 [06:58<05:44,  1.50s/it]
ITO:  55%|█████▌    | 280/509 [07:00<05:42,  1.50s/it]
ITO:  55%|█████▌    | 281/509 [07:01<05:40,  1.50s/it]
ITO:  55%|█████▌    | 282/509 [07:03<05:39,  1.49s/it]
ITO:  56%|█████▌    | 283/509 [07:04<05:37,  1.49s/it]
ITO:  56%|█████▌    | 284/509 [07:06<05:35,  1.49s/it]
ITO:  56%|█████▌    | 285/509 [07:07<05:34,  1.49s/it]
ITO:  56%|█████▌    | 286/509 [07:08<05:33,  1.49s/it]
ITO:  56%|█████▋    | 287/509 [07:10<05:31,  1.49s/it]
ITO:  57%|█████▋    | 288/509 [07:11<05:30,  1.49s/it]
ITO:  57%|█████▋    | 289/509 [07:13<05:30,  1.50s/it]
ITO:  57%|█████▋    | 290/509 [07:15<05:29,  1.50s/it]
ITO:  57%|█████▋    | 291/509 [07:16<05:27,  1.50s/it]
ITO:  57%|█████▋    | 292/509 [07:18<05:25,  1.50s/it]
ITO:  58%|█████▊    | 293/509 [07:19<05:23,  1.50s/it]
ITO:  58%|█████▊    | 294/509 [07:21<05:22,  1.50s/it]
ITO:  58%|█████▊    | 295/509 [07:22<05:21,  1.50s/it]
ITO:  58%|█████▊    | 296/509 [07:24<05:19,  1.50s/it]
ITO:  58%|█████▊    | 297/509 [07:25<05:18,  1.50s/it]
ITO:  59%|█████▊    | 298/509 [07:27<05:17,  1.51s/it]
ITO:  59%|█████▊    | 299/509 [07:28<05:17,  1.51s/it]
ITO:  59%|█████▉    | 300/509 [07:30<05:16,  1.51s/it]
ITO:  59%|█████▉    | 301/509 [07:31<05:14,  1.51s/it]
ITO:  59%|█████▉    | 302/509 [07:33<05:12,  1.51s/it]
ITO:  60%|█████▉    | 303/509 [07:34<05:12,  1.52s/it]
ITO:  60%|█████▉    | 304/509 [07:36<05:15,  1.54s/it]
ITO:  60%|█████▉    | 305/509 [07:37<05:11,  1.53s/it]
ITO:  60%|██████    | 306/509 [07:39<05:08,  1.52s/it]
ITO:  60%|██████    | 307/509 [07:40<05:05,  1.51s/it]
ITO:  61%|██████    | 308/509 [07:42<05:04,  1.51s/it]
ITO:  61%|██████    | 309/509 [07:43<05:01,  1.51s/it]
ITO:  61%|██████    | 310/509 [07:45<04:59,  1.51s/it]
ITO:  61%|██████    | 311/509 [07:46<04:58,  1.51s/it]
ITO:  61%|██████▏   | 312/509 [07:48<04:56,  1.51s/it]
ITO:  61%|██████▏   | 313/509 [07:49<04:55,  1.51s/it]
ITO:  62%|██████▏   | 314/509 [07:51<04:54,  1.51s/it]
ITO:  62%|██████▏   | 315/509 [07:52<04:52,  1.51s/it]
ITO:  62%|██████▏   | 316/509 [07:54<04:51,  1.51s/it]
ITO:  62%|██████▏   | 317/509 [07:55<04:50,  1.51s/it]
ITO:  62%|██████▏   | 318/509 [07:57<04:48,  1.51s/it]
ITO:  63%|██████▎   | 319/509 [07:58<04:46,  1.51s/it]
ITO:  63%|██████▎   | 320/509 [08:00<04:45,  1.51s/it]
ITO:  63%|██████▎   | 321/509 [08:01<04:43,  1.51s/it]
ITO:  63%|██████▎   | 322/509 [08:03<04:41,  1.51s/it]
ITO:  63%|██████▎   | 323/509 [08:04<04:39,  1.50s/it]
ITO:  64%|██████▎   | 324/509 [08:06<04:36,  1.49s/it]
ITO:  64%|██████▍   | 325/509 [08:07<04:35,  1.50s/it]
ITO:  64%|██████▍   | 326/509 [08:09<04:34,  1.50s/it]
ITO:  64%|██████▍   | 327/509 [08:10<04:33,  1.50s/it]
ITO:  64%|██████▍   | 328/509 [08:12<04:33,  1.51s/it]
ITO:  65%|██████▍   | 329/509 [08:13<04:32,  1.52s/it]
ITO:  65%|██████▍   | 330/509 [08:15<04:31,  1.52s/it]
ITO:  65%|██████▌   | 331/509 [08:16<04:30,  1.52s/it]
ITO:  65%|██████▌   | 332/509 [08:18<04:29,  1.52s/it]
ITO:  65%|██████▌   | 333/509 [08:19<04:28,  1.53s/it]
ITO:  66%|██████▌   | 334/509 [08:21<04:27,  1.53s/it]
ITO:  66%|██████▌   | 335/509 [08:23<04:24,  1.52s/it]
ITO:  66%|██████▌   | 336/509 [08:24<04:21,  1.51s/it]
ITO:  66%|██████▌   | 337/509 [08:26<04:19,  1.51s/it]
ITO:  66%|██████▋   | 338/509 [08:27<04:17,  1.51s/it]
ITO:  67%|██████▋   | 339/509 [08:29<04:15,  1.50s/it]
ITO:  67%|██████▋   | 340/509 [08:30<04:13,  1.50s/it]
ITO:  67%|██████▋   | 341/509 [08:32<04:12,  1.50s/it]
ITO:  67%|██████▋   | 342/509 [08:33<04:11,  1.50s/it]
ITO:  67%|██████▋   | 343/509 [08:35<04:09,  1.51s/it]
ITO:  68%|██████▊   | 344/509 [08:36<04:09,  1.51s/it]
ITO:  68%|██████▊   | 345/509 [08:38<04:07,  1.51s/it]
ITO:  68%|██████▊   | 346/509 [08:39<04:06,  1.51s/it]
ITO:  68%|██████▊   | 347/509 [08:41<04:05,  1.51s/it]
ITO:  68%|██████▊   | 348/509 [08:42<04:03,  1.51s/it]
ITO:  69%|██████▊   | 349/509 [08:44<04:02,  1.52s/it]
ITO:  69%|██████▉   | 350/509 [08:45<04:01,  1.52s/it]
ITO:  69%|██████▉   | 351/509 [08:47<03:59,  1.51s/it]
ITO:  69%|██████▉   | 352/509 [08:48<03:57,  1.51s/it]
ITO:  69%|██████▉   | 353/509 [08:50<03:56,  1.52s/it]
ITO:  70%|██████▉   | 354/509 [08:51<03:54,  1.51s/it]
ITO:  70%|██████▉   | 355/509 [08:53<03:55,  1.53s/it]
ITO:  70%|██████▉   | 356/509 [08:54<03:52,  1.52s/it]
ITO:  70%|███████   | 357/509 [08:56<03:50,  1.52s/it]
ITO:  70%|███████   | 358/509 [08:57<03:48,  1.51s/it]
ITO:  71%|███████   | 359/509 [08:59<03:46,  1.51s/it]
ITO:  71%|███████   | 360/509 [09:00<03:44,  1.51s/it]
ITO:  71%|███████   | 361/509 [09:02<03:43,  1.51s/it]
ITO:  71%|███████   | 362/509 [09:03<03:41,  1.51s/it]
ITO:  71%|███████▏  | 363/509 [09:05<03:40,  1.51s/it]
ITO:  72%|███████▏  | 364/509 [09:06<03:38,  1.51s/it]
ITO:  72%|███████▏  | 365/509 [09:08<03:37,  1.51s/it]
ITO:  72%|███████▏  | 366/509 [09:09<03:36,  1.51s/it]
ITO:  72%|███████▏  | 367/509 [09:11<03:34,  1.51s/it]
ITO:  72%|███████▏  | 368/509 [09:12<03:32,  1.51s/it]
ITO:  72%|███████▏  | 369/509 [09:14<03:31,  1.51s/it]
ITO:  73%|███████▎  | 370/509 [09:15<03:29,  1.51s/it]
ITO:  73%|███████▎  | 371/509 [09:17<03:27,  1.51s/it]
ITO:  73%|███████▎  | 372/509 [09:18<03:25,  1.50s/it]
ITO:  73%|███████▎  | 373/509 [09:20<03:23,  1.50s/it]
ITO:  73%|███████▎  | 374/509 [09:21<03:22,  1.50s/it]
ITO:  74%|███████▎  | 375/509 [09:23<03:21,  1.50s/it]
ITO:  74%|███████▍  | 376/509 [09:24<03:20,  1.51s/it]
ITO:  74%|███████▍  | 377/509 [09:26<03:18,  1.51s/it]
ITO:  74%|███████▍  | 378/509 [09:27<03:17,  1.51s/it]
ITO:  74%|███████▍  | 379/509 [09:29<03:17,  1.52s/it]
ITO:  75%|███████▍  | 380/509 [09:30<03:14,  1.51s/it]
ITO:  75%|███████▍  | 381/509 [09:32<03:12,  1.50s/it]
ITO:  75%|███████▌  | 382/509 [09:33<03:10,  1.50s/it]
ITO:  75%|███████▌  | 383/509 [09:35<03:08,  1.50s/it]
ITO:  75%|███████▌  | 384/509 [09:36<03:09,  1.52s/it]
ITO:  76%|███████▌  | 385/509 [09:38<03:07,  1.51s/it]
ITO:  76%|███████▌  | 386/509 [09:39<03:06,  1.51s/it]
ITO:  76%|███████▌  | 387/509 [09:41<03:04,  1.51s/it]
ITO:  76%|███████▌  | 388/509 [09:42<03:02,  1.51s/it]
ITO:  76%|███████▋  | 389/509 [09:44<03:01,  1.51s/it]
ITO:  77%|███████▋  | 390/509 [09:45<02:59,  1.51s/it]
ITO:  77%|███████▋  | 391/509 [09:47<02:57,  1.51s/it]
ITO:  77%|███████▋  | 392/509 [09:49<02:57,  1.51s/it]
ITO:  77%|███████▋  | 393/509 [09:50<02:55,  1.51s/it]
ITO:  77%|███████▋  | 394/509 [09:52<02:53,  1.51s/it]
ITO:  78%|███████▊  | 395/509 [09:53<02:51,  1.51s/it]
ITO:  78%|███████▊  | 396/509 [09:55<02:50,  1.51s/it]
ITO:  78%|███████▊  | 397/509 [09:56<02:48,  1.50s/it]
ITO:  78%|███████▊  | 398/509 [09:58<02:46,  1.50s/it]
ITO:  78%|███████▊  | 399/509 [09:59<02:45,  1.50s/it]
ITO:  79%|███████▊  | 400/509 [10:01<02:43,  1.50s/it]
ITO:  79%|███████▉  | 401/509 [10:02<02:41,  1.50s/it]
ITO:  79%|███████▉  | 402/509 [10:04<02:40,  1.50s/it]
ITO:  79%|███████▉  | 403/509 [10:05<02:39,  1.51s/it]
ITO:  79%|███████▉  | 404/509 [10:07<02:38,  1.51s/it]
ITO:  80%|███████▉  | 405/509 [10:08<02:37,  1.51s/it]
ITO:  80%|███████▉  | 406/509 [10:10<02:36,  1.52s/it]
ITO:  80%|███████▉  | 407/509 [10:11<02:34,  1.51s/it]
ITO:  80%|████████  | 408/509 [10:13<02:32,  1.51s/it]
ITO:  80%|████████  | 409/509 [10:14<02:30,  1.51s/it]
ITO:  81%|████████  | 410/509 [10:16<02:29,  1.51s/it]
ITO:  81%|████████  | 411/509 [10:17<02:28,  1.51s/it]
ITO:  81%|████████  | 412/509 [10:19<02:26,  1.51s/it]
ITO:  81%|████████  | 413/509 [10:20<02:24,  1.50s/it]
ITO:  81%|████████▏ | 414/509 [10:22<02:22,  1.50s/it]
ITO:  82%|████████▏ | 415/509 [10:23<02:21,  1.50s/it]
ITO:  82%|████████▏ | 416/509 [10:25<02:19,  1.50s/it]
ITO:  82%|████████▏ | 417/509 [10:26<02:18,  1.51s/it]
ITO:  82%|████████▏ | 418/509 [10:28<02:17,  1.51s/it]
ITO:  82%|████████▏ | 419/509 [10:29<02:15,  1.51s/it]
ITO:  83%|████████▎ | 420/509 [10:31<02:14,  1.51s/it]
ITO:  83%|████████▎ | 421/509 [10:32<02:12,  1.51s/it]
ITO:  83%|████████▎ | 422/509 [10:34<02:11,  1.51s/it]
ITO:  83%|████████▎ | 423/509 [10:35<02:09,  1.51s/it]
ITO:  83%|████████▎ | 424/509 [10:37<02:08,  1.51s/it]
ITO:  83%|████████▎ | 425/509 [10:38<02:06,  1.51s/it]
ITO:  84%|████████▎ | 426/509 [10:40<02:04,  1.50s/it]
ITO:  84%|████████▍ | 427/509 [10:41<02:03,  1.50s/it]
ITO:  84%|████████▍ | 428/509 [10:43<02:01,  1.50s/it]
ITO:  84%|████████▍ | 429/509 [10:44<02:00,  1.50s/it]
ITO:  84%|████████▍ | 430/509 [10:46<01:59,  1.51s/it]
ITO:  85%|████████▍ | 431/509 [10:47<01:57,  1.51s/it]
ITO:  85%|████████▍ | 432/509 [10:49<01:56,  1.51s/it]
ITO:  85%|████████▌ | 433/509 [10:50<01:54,  1.51s/it]
ITO:  85%|████████▌ | 434/509 [10:52<01:53,  1.51s/it]
ITO:  85%|████████▌ | 435/509 [10:53<01:51,  1.51s/it]
ITO:  86%|████████▌ | 436/509 [10:55<01:50,  1.51s/it]
ITO:  86%|████████▌ | 437/509 [10:56<01:48,  1.50s/it]
ITO:  86%|████████▌ | 438/509 [10:58<01:46,  1.50s/it]
ITO:  86%|████████▌ | 439/509 [10:59<01:44,  1.49s/it]
ITO:  86%|████████▋ | 440/509 [11:01<01:42,  1.49s/it]
ITO:  87%|████████▋ | 441/509 [11:02<01:41,  1.49s/it]
ITO:  87%|████████▋ | 442/509 [11:04<01:40,  1.50s/it]
ITO:  87%|████████▋ | 443/509 [11:05<01:38,  1.49s/it]
ITO:  87%|████████▋ | 444/509 [11:07<01:36,  1.48s/it]
ITO:  87%|████████▋ | 445/509 [11:08<01:34,  1.48s/it]
ITO:  88%|████████▊ | 446/509 [11:10<01:33,  1.48s/it]
ITO:  88%|████████▊ | 447/509 [11:11<01:32,  1.48s/it]
ITO:  88%|████████▊ | 448/509 [11:13<01:30,  1.49s/it]
ITO:  88%|████████▊ | 449/509 [11:14<01:29,  1.49s/it]
ITO:  88%|████████▊ | 450/509 [11:16<01:28,  1.49s/it]
ITO:  89%|████████▊ | 451/509 [11:17<01:26,  1.50s/it]
ITO:  89%|████████▉ | 452/509 [11:19<01:25,  1.49s/it]
ITO:  89%|████████▉ | 453/509 [11:20<01:23,  1.49s/it]
ITO:  89%|████████▉ | 454/509 [11:22<01:21,  1.49s/it]
ITO:  89%|████████▉ | 455/509 [11:23<01:20,  1.49s/it]
ITO:  90%|████████▉ | 456/509 [11:25<01:18,  1.49s/it]
ITO:  90%|████████▉ | 457/509 [11:26<01:17,  1.49s/it]
ITO:  90%|████████▉ | 458/509 [11:28<01:15,  1.49s/it]
ITO:  90%|█████████ | 459/509 [11:29<01:14,  1.49s/it]
ITO:  90%|█████████ | 460/509 [11:31<01:12,  1.49s/it]
ITO:  91%|█████████ | 461/509 [11:32<01:11,  1.49s/it]
ITO:  91%|█████████ | 462/509 [11:34<01:09,  1.49s/it]
ITO:  91%|█████████ | 463/509 [11:35<01:08,  1.49s/it]
ITO:  91%|█████████ | 464/509 [11:37<01:07,  1.49s/it]
ITO:  91%|█████████▏| 465/509 [11:38<01:05,  1.49s/it]
ITO:  92%|█████████▏| 466/509 [11:39<01:03,  1.49s/it]
ITO:  92%|█████████▏| 467/509 [11:41<01:02,  1.48s/it]
ITO:  92%|█████████▏| 468/509 [11:42<01:00,  1.49s/it]
ITO:  92%|█████████▏| 469/509 [11:44<00:59,  1.48s/it]
ITO:  92%|█████████▏| 470/509 [11:45<00:57,  1.48s/it]
ITO:  93%|█████████▎| 471/509 [11:47<00:56,  1.49s/it]
ITO:  93%|█████████▎| 472/509 [11:48<00:54,  1.48s/it]
ITO:  93%|█████████▎| 473/509 [11:50<00:53,  1.49s/it]
ITO:  93%|█████████▎| 474/509 [11:51<00:52,  1.49s/it]
ITO:  93%|█████████▎| 475/509 [11:53<00:50,  1.49s/it]
ITO:  94%|█████████▎| 476/509 [11:54<00:49,  1.49s/it]
ITO:  94%|█████████▎| 477/509 [11:56<00:47,  1.49s/it]
ITO:  94%|█████████▍| 478/509 [11:57<00:46,  1.49s/it]
ITO:  94%|█████████▍| 479/509 [11:59<00:44,  1.49s/it]
ITO:  94%|█████████▍| 480/509 [12:00<00:43,  1.49s/it]
ITO:  94%|█████████▍| 481/509 [12:02<00:41,  1.49s/it]
ITO:  95%|█████████▍| 482/509 [12:03<00:40,  1.49s/it]
ITO:  95%|█████████▍| 483/509 [12:05<00:38,  1.49s/it]
ITO:  95%|█████████▌| 484/509 [12:06<00:37,  1.49s/it]
ITO:  95%|█████████▌| 485/509 [12:08<00:35,  1.49s/it]
ITO:  95%|█████████▌| 486/509 [12:09<00:34,  1.49s/it]
ITO:  96%|█████████▌| 487/509 [12:11<00:32,  1.48s/it]
ITO:  96%|█████████▌| 488/509 [12:12<00:31,  1.49s/it]
ITO:  96%|█████████▌| 489/509 [12:14<00:29,  1.49s/it]
ITO:  96%|█████████▋| 490/509 [12:15<00:28,  1.49s/it]
ITO:  96%|█████████▋| 491/509 [12:17<00:26,  1.49s/it]
ITO:  97%|█████████▋| 492/509 [12:18<00:25,  1.49s/it]
ITO:  97%|█████████▋| 493/509 [12:20<00:23,  1.50s/it]
ITO:  97%|█████████▋| 494/509 [12:21<00:22,  1.49s/it]
ITO:  97%|█████████▋| 495/509 [12:23<00:20,  1.49s/it]
ITO:  97%|█████████▋| 496/509 [12:24<00:19,  1.49s/it]
ITO:  98%|█████████▊| 497/509 [12:26<00:17,  1.49s/it]
ITO:  98%|█████████▊| 498/509 [12:27<00:16,  1.49s/it]
ITO:  98%|█████████▊| 499/509 [12:29<00:14,  1.49s/it]
ITO:  98%|█████████▊| 500/509 [12:30<00:13,  1.49s/it]
ITO:  98%|█████████▊| 501/509 [12:32<00:11,  1.49s/it]
ITO:  99%|█████████▊| 502/509 [12:33<00:10,  1.48s/it]
ITO:  99%|█████████▉| 503/509 [12:35<00:08,  1.48s/it]
ITO:  99%|█████████▉| 504/509 [12:36<00:07,  1.48s/it]
ITO:  99%|█████████▉| 505/509 [12:37<00:05,  1.48s/it]
ITO:  99%|█████████▉| 506/509 [12:39<00:04,  1.49s/it]
ITO: 100%|█████████▉| 507/509 [12:40<00:02,  1.49s/it]
ITO: 100%|█████████▉| 508/509 [12:42<00:01,  1.49s/it]
ITO: 100%|██████████| 509/509 [12:43<00:00,  1.49s/it]
ITO: 100%|██████████| 509/509 [12:43<00:00,  1.50s/it]

Device: cuda:5

Loading data from /data/yanjie_huang/LLPS/phase_diagram/by_missing/missing_0.csv...
  Top 5.0% threshold: mean_pssi >= 0.4321
  Target phases: 509
  Candidates per phase: 200

============================================================
ITO Summary (Top 5.0%, 200 candidates/phase)
============================================================
Timestamp: 2026-03-17 19:26:45
Target phases: 509
Successful: 509  Failed: 0

Best Spearman (top-1 per phase):
  Mean:   0.5672
  Median: 0.5735
  Min:    -0.0177
  Max:    0.9441

Mean Spearman (across all candidates):
  Mean:   0.2663

Sequence Length:
  Mean:   17.9
  Median: 20

Saved → /data/yanjie_huang/LLPS/predictor/PhaseFlow/analysis/de novo/de_novo_ito_results/ito_top1.csv
============================================================

