2026-03-10 14:56:19 - train - INFO - Output directory: /data/yanjie_huang/LLPS/predictor/PhaseFlow/outputs/output_flow1_missing0_20260310
2026-03-10 14:56:20 - train - INFO - CUDA context initialized
2026-03-10 14:56:20 - train - INFO - Loading data...
2026-03-10 14:56:20 - train - INFO - Using missing threshold split: threshold=0
2026-03-10 14:56:20 - train - INFO - Using hardcoded val/test sets from phase_diagram/val_set.csv and test_set.csv
2026-03-10 14:56:20 - train - INFO - Train samples (missing <= 0): 10165
2026-03-10 14:56:20 - train - INFO - Val samples: 500
2026-03-10 14:56:20 - train - INFO - Test samples: 500
2026-03-10 14:56:20 - train - INFO - Creating model...
2026-03-10 14:56:20 - train - INFO - Model parameters: 6.85M (6,849,312)
2026-03-10 14:56:21 - train - INFO - Visualization directory: /data/yanjie_huang/LLPS/predictor/PhaseFlow/visual_training/flow1_missing0_20260310
2026-03-10 14:56:21 - train - INFO - Starting training...
2026-03-10 14:56:23 - train - INFO - Epoch 1 - Train Loss: 5.2636, Flow: 1.7687, LM: 3.4950
2026-03-10 14:56:23 - train - INFO - Validation - Loss: 5.1948, Flow: 1.7046, LM: 3.4902, Perplexity: 32.79
2026-03-10 14:56:23 - train - INFO - Phase Metrics - MSE: 1.7173, MAE: 1.0494, RMSE: 1.3104, Pearson: 0.0041, Spearman: 0.0047
2026-03-10 14:56:25 - train - INFO - Saved best model with val_loss=5.1948
2026-03-10 14:56:26 - train - INFO - Epoch 2 - Train Loss: 5.1949, Flow: 1.7218, LM: 3.4731
2026-03-10 14:56:26 - train - INFO - Validation - Loss: 5.1112, Flow: 1.6641, LM: 3.4471, Perplexity: 31.41
2026-03-10 14:56:26 - train - INFO - Phase Metrics - MSE: 1.6941, MAE: 1.0469, RMSE: 1.3016, Pearson: 0.0368, Spearman: 0.0310
2026-03-10 14:56:28 - train - INFO - Saved best model with val_loss=5.1112
2026-03-10 14:56:29 - train - INFO - Epoch 3 - Train Loss: 5.0825, Flow: 1.6682, LM: 3.4143
2026-03-10 14:56:29 - train - INFO - Validation - Loss: 4.9898, Flow: 1.6263, LM: 3.3635, Perplexity: 28.89
2026-03-10 14:56:29 - train - INFO - Phase Metrics - MSE: 1.6899, MAE: 1.0376, RMSE: 1.3000, Pearson: 0.0557, Spearman: 0.0530
2026-03-10 14:56:31 - train - INFO - Saved best model with val_loss=4.9898
2026-03-10 14:56:32 - train - INFO - Epoch 4 - Train Loss: 4.9688, Flow: 1.6471, LM: 3.3218
2026-03-10 14:56:33 - train - INFO - Validation - Loss: 4.8882, Flow: 1.6278, LM: 3.2604, Perplexity: 26.06
2026-03-10 14:56:33 - train - INFO - Phase Metrics - MSE: 1.6647, MAE: 1.0311, RMSE: 1.2902, Pearson: 0.0448, Spearman: 0.0430
2026-03-10 14:56:35 - train - INFO - Saved best model with val_loss=4.8882
2026-03-10 14:56:36 - train - INFO - Epoch 5 - Train Loss: 4.8419, Flow: 1.6212, LM: 3.2207
2026-03-10 14:56:36 - train - INFO - Validation - Loss: 4.7970, Flow: 1.6308, LM: 3.1663, Perplexity: 23.72
2026-03-10 14:56:36 - train - INFO - Phase Metrics - MSE: 1.6034, MAE: 1.0112, RMSE: 1.2663, Pearson: 0.0489, Spearman: 0.0512
2026-03-10 14:56:38 - train - INFO - Saved best model with val_loss=4.7970
2026-03-10 14:56:39 - train - INFO - Epoch 6 - Train Loss: 4.7260, Flow: 1.5975, LM: 3.1285
2026-03-10 14:56:40 - train - INFO - Validation - Loss: 4.6732, Flow: 1.5967, LM: 3.0766, Perplexity: 21.68
2026-03-10 14:56:40 - train - INFO - Phase Metrics - MSE: 1.5550, MAE: 0.9954, RMSE: 1.2470, Pearson: 0.0646, Spearman: 0.0643
2026-03-10 14:56:41 - train - INFO - Saved best model with val_loss=4.6732
2026-03-10 14:56:43 - train - INFO - Epoch 7 - Train Loss: 4.6095, Flow: 1.5735, LM: 3.0360
2026-03-10 14:56:43 - train - INFO - Validation - Loss: 4.5490, Flow: 1.5710, LM: 2.9780, Perplexity: 19.65
2026-03-10 14:56:43 - train - INFO - Phase Metrics - MSE: 1.5616, MAE: 0.9981, RMSE: 1.2496, Pearson: 0.0611, Spearman: 0.0590
2026-03-10 14:56:45 - train - INFO - Saved best model with val_loss=4.5490
2026-03-10 14:56:46 - train - INFO - Epoch 8 - Train Loss: 4.4942, Flow: 1.5674, LM: 2.9268
2026-03-10 14:56:46 - train - INFO - Validation - Loss: 4.3573, Flow: 1.5101, LM: 2.8473, Perplexity: 17.24
2026-03-10 14:56:46 - train - INFO - Phase Metrics - MSE: 1.4895, MAE: 0.9733, RMSE: 1.2204, Pearson: 0.0735, Spearman: 0.0683
2026-03-10 14:56:48 - train - INFO - Saved best model with val_loss=4.3573
2026-03-10 14:56:49 - train - INFO - Epoch 9 - Train Loss: 4.3304, Flow: 1.5433, LM: 2.7871
2026-03-10 14:56:50 - train - INFO - Validation - Loss: 4.1479, Flow: 1.4628, LM: 2.6852, Perplexity: 14.66
2026-03-10 14:56:50 - train - INFO - Phase Metrics - MSE: 1.3978, MAE: 0.9433, RMSE: 1.1823, Pearson: 0.0699, Spearman: 0.0663
2026-03-10 14:56:52 - train - INFO - Saved best model with val_loss=4.1479
2026-03-10 14:56:53 - train - INFO - Epoch 10 - Train Loss: 4.1379, Flow: 1.5029, LM: 2.6350
2026-03-10 14:56:53 - train - INFO - Validation - Loss: 4.0442, Flow: 1.5035, LM: 2.5407, Perplexity: 12.69
2026-03-10 14:56:53 - train - INFO - Phase Metrics - MSE: 1.2994, MAE: 0.9030, RMSE: 1.1399, Pearson: 0.0959, Spearman: 0.0950
2026-03-10 14:56:55 - train - INFO - Saved best model with val_loss=4.0442
2026-03-10 14:56:56 - train - INFO - Epoch 11 - Train Loss: 3.9997, Flow: 1.4869, LM: 2.5128
2026-03-10 14:56:57 - train - INFO - Validation - Loss: 3.8807, Flow: 1.4326, LM: 2.4481, Perplexity: 11.57
2026-03-10 14:56:57 - train - INFO - Phase Metrics - MSE: 1.2125, MAE: 0.8721, RMSE: 1.1011, Pearson: 0.1031, Spearman: 0.1080
2026-03-10 14:56:58 - train - INFO - Saved best model with val_loss=3.8807
2026-03-10 14:56:59 - train - INFO - Epoch 12 - Train Loss: 3.9148, Flow: 1.4765, LM: 2.4382
2026-03-10 14:57:00 - train - INFO - Validation - Loss: 3.8016, Flow: 1.4029, LM: 2.3987, Perplexity: 11.01
2026-03-10 14:57:00 - train - INFO - Phase Metrics - MSE: 1.1672, MAE: 0.8541, RMSE: 1.0804, Pearson: 0.0869, Spearman: 0.0861
2026-03-10 14:57:02 - train - INFO - Saved best model with val_loss=3.8016
2026-03-10 14:57:03 - train - INFO - Epoch 13 - Train Loss: 3.8470, Flow: 1.4498, LM: 2.3972
2026-03-10 14:57:03 - train - INFO - Validation - Loss: 3.7899, Flow: 1.4192, LM: 2.3707, Perplexity: 10.70
2026-03-10 14:57:03 - train - INFO - Phase Metrics - MSE: 1.0968, MAE: 0.8248, RMSE: 1.0473, Pearson: 0.1015, Spearman: 0.1007
2026-03-10 14:57:05 - train - INFO - Saved best model with val_loss=3.7899
2026-03-10 14:57:06 - train - INFO - Epoch 14 - Train Loss: 3.8104, Flow: 1.4398, LM: 2.3705
2026-03-10 14:57:06 - train - INFO - Validation - Loss: 3.7688, Flow: 1.4219, LM: 2.3469, Perplexity: 10.45
2026-03-10 14:57:06 - train - INFO - Phase Metrics - MSE: 1.0476, MAE: 0.8083, RMSE: 1.0235, Pearson: 0.1246, Spearman: 0.1226
2026-03-10 14:57:08 - train - INFO - Saved best model with val_loss=3.7688
2026-03-10 14:57:10 - train - INFO - Epoch 15 - Train Loss: 3.7662, Flow: 1.4200, LM: 2.3463
2026-03-10 14:57:10 - train - INFO - Validation - Loss: 3.7031, Flow: 1.3813, LM: 2.3218, Perplexity: 10.19
2026-03-10 14:57:10 - train - INFO - Phase Metrics - MSE: 0.9799, MAE: 0.7807, RMSE: 0.9899, Pearson: 0.1519, Spearman: 0.1575
2026-03-10 14:57:12 - train - INFO - Saved best model with val_loss=3.7031
2026-03-10 14:57:13 - train - INFO - Epoch 16 - Train Loss: 3.7271, Flow: 1.4071, LM: 2.3200
2026-03-10 14:57:13 - train - INFO - Validation - Loss: 3.6513, Flow: 1.3567, LM: 2.2947, Perplexity: 9.92
2026-03-10 14:57:13 - train - INFO - Phase Metrics - MSE: 0.9057, MAE: 0.7478, RMSE: 0.9517, Pearson: 0.1465, Spearman: 0.1586
2026-03-10 14:57:15 - train - INFO - Saved best model with val_loss=3.6513
2026-03-10 14:57:16 - train - INFO - Epoch 17 - Train Loss: 3.6736, Flow: 1.3786, LM: 2.2950
2026-03-10 14:57:17 - train - INFO - Validation - Loss: 3.5683, Flow: 1.2952, LM: 2.2731, Perplexity: 9.71
2026-03-10 14:57:17 - train - INFO - Phase Metrics - MSE: 0.8684, MAE: 0.7312, RMSE: 0.9319, Pearson: 0.1333, Spearman: 0.1479
2026-03-10 14:57:18 - train - INFO - Saved best model with val_loss=3.5683
2026-03-10 14:57:20 - train - INFO - Epoch 18 - Train Loss: 3.6141, Flow: 1.3366, LM: 2.2775
2026-03-10 14:57:20 - train - INFO - Validation - Loss: 3.5458, Flow: 1.2825, LM: 2.2633, Perplexity: 9.61
2026-03-10 14:57:20 - train - INFO - Phase Metrics - MSE: 0.8086, MAE: 0.7135, RMSE: 0.8992, Pearson: 0.1578, Spearman: 0.1613
2026-03-10 14:57:22 - train - INFO - Saved best model with val_loss=3.5458
2026-03-10 14:57:23 - train - INFO - Epoch 19 - Train Loss: 3.5695, Flow: 1.3016, LM: 2.2679
2026-03-10 14:57:23 - train - INFO - Validation - Loss: 3.5111, Flow: 1.2563, LM: 2.2548, Perplexity: 9.53
2026-03-10 14:57:23 - train - INFO - Phase Metrics - MSE: 0.7476, MAE: 0.6866, RMSE: 0.8647, Pearson: 0.1908, Spearman: 0.1940
2026-03-10 14:57:25 - train - INFO - Saved best model with val_loss=3.5111
2026-03-10 14:57:26 - train - INFO - Epoch 20 - Train Loss: 3.5331, Flow: 1.2748, LM: 2.2583
2026-03-10 14:57:26 - train - INFO - Validation - Loss: 3.4685, Flow: 1.2220, LM: 2.2465, Perplexity: 9.45
2026-03-10 14:57:26 - train - INFO - Phase Metrics - MSE: 0.7298, MAE: 0.6756, RMSE: 0.8543, Pearson: 0.2049, Spearman: 0.2095
2026-03-10 14:57:28 - train - INFO - Saved best model with val_loss=3.4685
2026-03-10 14:57:30 - train - INFO - Epoch 21 - Train Loss: 3.5074, Flow: 1.2557, LM: 2.2518
2026-03-10 14:57:30 - train - INFO - Validation - Loss: 3.4503, Flow: 1.2113, LM: 2.2390, Perplexity: 9.38
2026-03-10 14:57:30 - train - INFO - Phase Metrics - MSE: 0.6867, MAE: 0.6588, RMSE: 0.8287, Pearson: 0.2171, Spearman: 0.2223
2026-03-10 14:57:32 - train - INFO - Saved best model with val_loss=3.4503
2026-03-10 14:57:33 - train - INFO - Epoch 22 - Train Loss: 3.4892, Flow: 1.2415, LM: 2.2477
2026-03-10 14:57:33 - train - INFO - Validation - Loss: 3.4790, Flow: 1.2458, LM: 2.2332, Perplexity: 9.33
2026-03-10 14:57:33 - train - INFO - Phase Metrics - MSE: 0.6765, MAE: 0.6582, RMSE: 0.8225, Pearson: 0.2219, Spearman: 0.2211
2026-03-10 14:57:36 - train - INFO - Epoch 23 - Train Loss: 3.4678, Flow: 1.2285, LM: 2.2393
2026-03-10 14:57:36 - train - INFO - Validation - Loss: 3.4108, Flow: 1.1839, LM: 2.2269, Perplexity: 9.27
2026-03-10 14:57:36 - train - INFO - Phase Metrics - MSE: 0.6623, MAE: 0.6445, RMSE: 0.8138, Pearson: 0.2470, Spearman: 0.2540
2026-03-10 14:57:38 - train - INFO - Saved best model with val_loss=3.4108
2026-03-10 14:57:40 - train - INFO - Epoch 24 - Train Loss: 3.4570, Flow: 1.2205, LM: 2.2365
2026-03-10 14:57:40 - train - INFO - Validation - Loss: 3.3834, Flow: 1.1599, LM: 2.2235, Perplexity: 9.24
2026-03-10 14:57:40 - train - INFO - Phase Metrics - MSE: 0.6434, MAE: 0.6363, RMSE: 0.8021, Pearson: 0.2465, Spearman: 0.2526
2026-03-10 14:57:42 - train - INFO - Saved best model with val_loss=3.3834
2026-03-10 14:57:43 - train - INFO - Epoch 25 - Train Loss: 3.4366, Flow: 1.2065, LM: 2.2301
2026-03-10 14:57:43 - train - INFO - Validation - Loss: 3.4176, Flow: 1.1992, LM: 2.2184, Perplexity: 9.19
2026-03-10 14:57:43 - train - INFO - Phase Metrics - MSE: 0.6476, MAE: 0.6333, RMSE: 0.8047, Pearson: 0.2379, Spearman: 0.2518
2026-03-10 14:57:46 - train - INFO - Epoch 26 - Train Loss: 3.4334, Flow: 1.2079, LM: 2.2255
2026-03-10 14:57:46 - train - INFO - Validation - Loss: 3.3804, Flow: 1.1521, LM: 2.2283, Perplexity: 9.28
2026-03-10 14:57:46 - train - INFO - Phase Metrics - MSE: 0.6221, MAE: 0.6231, RMSE: 0.7887, Pearson: 0.2720, Spearman: 0.2793
2026-03-10 14:57:48 - train - INFO - Saved best model with val_loss=3.3804
2026-03-10 14:57:49 - train - INFO - Epoch 27 - Train Loss: 3.4260, Flow: 1.2009, LM: 2.2251
2026-03-10 14:57:49 - train - INFO - Validation - Loss: 3.3959, Flow: 1.1858, LM: 2.2100, Perplexity: 9.12
2026-03-10 14:57:49 - train - INFO - Phase Metrics - MSE: 0.6270, MAE: 0.6247, RMSE: 0.7918, Pearson: 0.2762, Spearman: 0.2827
2026-03-10 14:57:53 - train - INFO - Epoch 28 - Train Loss: 3.4204, Flow: 1.2026, LM: 2.2178
2026-03-10 14:57:53 - train - INFO - Validation - Loss: 3.4099, Flow: 1.2014, LM: 2.2085, Perplexity: 9.10
2026-03-10 14:57:53 - train - INFO - Phase Metrics - MSE: 0.6189, MAE: 0.6244, RMSE: 0.7867, Pearson: 0.2774, Spearman: 0.2789
2026-03-10 14:57:56 - train - INFO - Epoch 29 - Train Loss: 3.4053, Flow: 1.1938, LM: 2.2114
2026-03-10 14:57:56 - train - INFO - Validation - Loss: 3.3678, Flow: 1.1637, LM: 2.2041, Perplexity: 9.06
2026-03-10 14:57:56 - train - INFO - Phase Metrics - MSE: 0.6339, MAE: 0.6322, RMSE: 0.7962, Pearson: 0.2630, Spearman: 0.2665
2026-03-10 14:57:58 - train - INFO - Saved best model with val_loss=3.3678
2026-03-10 14:57:59 - train - INFO - Epoch 30 - Train Loss: 3.4014, Flow: 1.1916, LM: 2.2098
2026-03-10 14:57:59 - train - INFO - Validation - Loss: 3.3501, Flow: 1.1475, LM: 2.2026, Perplexity: 9.05
2026-03-10 14:57:59 - train - INFO - Phase Metrics - MSE: 0.6264, MAE: 0.6268, RMSE: 0.7915, Pearson: 0.2868, Spearman: 0.2838
2026-03-10 14:58:01 - train - INFO - Saved best model with val_loss=3.3501
2026-03-10 14:58:02 - train - INFO - Epoch 31 - Train Loss: 3.3880, Flow: 1.1816, LM: 2.2064
2026-03-10 14:58:03 - train - INFO - Validation - Loss: 3.3511, Flow: 1.1519, LM: 2.1992, Perplexity: 9.02
2026-03-10 14:58:03 - train - INFO - Phase Metrics - MSE: 0.6209, MAE: 0.6217, RMSE: 0.7879, Pearson: 0.2778, Spearman: 0.2819
2026-03-10 14:58:06 - train - INFO - Epoch 32 - Train Loss: 3.3875, Flow: 1.1858, LM: 2.2017
2026-03-10 14:58:06 - train - INFO - Validation - Loss: 3.3612, Flow: 1.1705, LM: 2.1907, Perplexity: 8.94
2026-03-10 14:58:06 - train - INFO - Phase Metrics - MSE: 0.6108, MAE: 0.6173, RMSE: 0.7816, Pearson: 0.2914, Spearman: 0.2916
2026-03-10 14:58:09 - train - INFO - Epoch 33 - Train Loss: 3.3781, Flow: 1.1804, LM: 2.1977
2026-03-10 14:58:09 - train - INFO - Validation - Loss: 3.3585, Flow: 1.1669, LM: 2.1916, Perplexity: 8.95
2026-03-10 14:58:09 - train - INFO - Phase Metrics - MSE: 0.6052, MAE: 0.6132, RMSE: 0.7779, Pearson: 0.3046, Spearman: 0.3015
2026-03-10 14:58:12 - train - INFO - Epoch 34 - Train Loss: 3.3674, Flow: 1.1709, LM: 2.1964
2026-03-10 14:58:13 - train - INFO - Validation - Loss: 3.3459, Flow: 1.1588, LM: 2.1871, Perplexity: 8.91
2026-03-10 14:58:13 - train - INFO - Phase Metrics - MSE: 0.6019, MAE: 0.6138, RMSE: 0.7758, Pearson: 0.3049, Spearman: 0.3064
2026-03-10 14:58:15 - train - INFO - Saved best model with val_loss=3.3459
2026-03-10 14:58:16 - train - INFO - Epoch 35 - Train Loss: 3.3711, Flow: 1.1779, LM: 2.1931
2026-03-10 14:58:16 - train - INFO - Validation - Loss: 3.3181, Flow: 1.1331, LM: 2.1851, Perplexity: 8.89
2026-03-10 14:58:16 - train - INFO - Phase Metrics - MSE: 0.6037, MAE: 0.6115, RMSE: 0.7770, Pearson: 0.3003, Spearman: 0.3022
2026-03-10 14:58:18 - train - INFO - Saved best model with val_loss=3.3181
2026-03-10 14:58:19 - train - INFO - Epoch 36 - Train Loss: 3.3636, Flow: 1.1739, LM: 2.1897
2026-03-10 14:58:20 - train - INFO - Validation - Loss: 3.3214, Flow: 1.1393, LM: 2.1821, Perplexity: 8.86
2026-03-10 14:58:20 - train - INFO - Phase Metrics - MSE: 0.6048, MAE: 0.6140, RMSE: 0.7777, Pearson: 0.3015, Spearman: 0.3018
2026-03-10 14:58:23 - train - INFO - Epoch 37 - Train Loss: 3.3590, Flow: 1.1730, LM: 2.1859
2026-03-10 14:58:23 - train - INFO - Validation - Loss: 3.3217, Flow: 1.1439, LM: 2.1778, Perplexity: 8.83
2026-03-10 14:58:23 - train - INFO - Phase Metrics - MSE: 0.6119, MAE: 0.6211, RMSE: 0.7823, Pearson: 0.2987, Spearman: 0.2965
2026-03-10 14:58:27 - train - INFO - Epoch 38 - Train Loss: 3.3512, Flow: 1.1703, LM: 2.1809
2026-03-10 14:58:27 - train - INFO - Validation - Loss: 3.3346, Flow: 1.1591, LM: 2.1755, Perplexity: 8.81
2026-03-10 14:58:27 - train - INFO - Phase Metrics - MSE: 0.6157, MAE: 0.6187, RMSE: 0.7847, Pearson: 0.2884, Spearman: 0.2955
2026-03-10 14:58:30 - train - INFO - Epoch 39 - Train Loss: 3.3440, Flow: 1.1665, LM: 2.1776
2026-03-10 14:58:30 - train - INFO - Validation - Loss: 3.3307, Flow: 1.1578, LM: 2.1729, Perplexity: 8.78
2026-03-10 14:58:30 - train - INFO - Phase Metrics - MSE: 0.6146, MAE: 0.6189, RMSE: 0.7840, Pearson: 0.2954, Spearman: 0.2983
2026-03-10 14:58:33 - train - INFO - Epoch 40 - Train Loss: 3.3469, Flow: 1.1718, LM: 2.1752
2026-03-10 14:58:33 - train - INFO - Validation - Loss: 3.2947, Flow: 1.1238, LM: 2.1709, Perplexity: 8.77
2026-03-10 14:58:33 - train - INFO - Phase Metrics - MSE: 0.6065, MAE: 0.6149, RMSE: 0.7788, Pearson: 0.2921, Spearman: 0.3005
2026-03-10 14:58:35 - train - INFO - Saved best model with val_loss=3.2947
2026-03-10 14:58:37 - train - INFO - Epoch 41 - Train Loss: 3.3465, Flow: 1.1742, LM: 2.1723
2026-03-10 14:58:37 - train - INFO - Validation - Loss: 3.3042, Flow: 1.1355, LM: 2.1687, Perplexity: 8.75
2026-03-10 14:58:37 - train - INFO - Phase Metrics - MSE: 0.6060, MAE: 0.6170, RMSE: 0.7785, Pearson: 0.3007, Spearman: 0.2999
2026-03-10 14:58:40 - train - INFO - Epoch 42 - Train Loss: 3.3224, Flow: 1.1526, LM: 2.1698
2026-03-10 14:58:40 - train - INFO - Validation - Loss: 3.2959, Flow: 1.1295, LM: 2.1664, Perplexity: 8.73
2026-03-10 14:58:40 - train - INFO - Phase Metrics - MSE: 0.5991, MAE: 0.6142, RMSE: 0.7740, Pearson: 0.3194, Spearman: 0.3169
2026-03-10 14:58:43 - train - INFO - Epoch 43 - Train Loss: 3.3348, Flow: 1.1670, LM: 2.1678
2026-03-10 14:58:44 - train - INFO - Validation - Loss: 3.3262, Flow: 1.1607, LM: 2.1655, Perplexity: 8.72
2026-03-10 14:58:44 - train - INFO - Phase Metrics - MSE: 0.6157, MAE: 0.6189, RMSE: 0.7847, Pearson: 0.3067, Spearman: 0.3089
2026-03-10 14:58:47 - train - INFO - Epoch 44 - Train Loss: 3.3243, Flow: 1.1588, LM: 2.1656
2026-03-10 14:58:47 - train - INFO - Validation - Loss: 3.2672, Flow: 1.1044, LM: 2.1628, Perplexity: 8.70
2026-03-10 14:58:47 - train - INFO - Phase Metrics - MSE: 0.6053, MAE: 0.6184, RMSE: 0.7780, Pearson: 0.3095, Spearman: 0.3050
2026-03-10 14:58:49 - train - INFO - Saved best model with val_loss=3.2672
2026-03-10 14:58:50 - train - INFO - Epoch 45 - Train Loss: 3.3149, Flow: 1.1523, LM: 2.1626
2026-03-10 14:58:50 - train - INFO - Validation - Loss: 3.2734, Flow: 1.1129, LM: 2.1605, Perplexity: 8.68
2026-03-10 14:58:50 - train - INFO - Phase Metrics - MSE: 0.5949, MAE: 0.6088, RMSE: 0.7713, Pearson: 0.3258, Spearman: 0.3296
2026-03-10 14:58:53 - train - INFO - Epoch 46 - Train Loss: 3.3061, Flow: 1.1459, LM: 2.1602
2026-03-10 14:58:54 - train - INFO - Validation - Loss: 3.3099, Flow: 1.1515, LM: 2.1584, Perplexity: 8.66
2026-03-10 14:58:54 - train - INFO - Phase Metrics - MSE: 0.6015, MAE: 0.6107, RMSE: 0.7756, Pearson: 0.3054, Spearman: 0.3112
2026-03-10 14:58:57 - train - INFO - Epoch 47 - Train Loss: 3.3122, Flow: 1.1543, LM: 2.1580
2026-03-10 14:58:57 - train - INFO - Validation - Loss: 3.2988, Flow: 1.1423, LM: 2.1566, Perplexity: 8.64
2026-03-10 14:58:57 - train - INFO - Phase Metrics - MSE: 0.5894, MAE: 0.6033, RMSE: 0.7677, Pearson: 0.3225, Spearman: 0.3242
2026-03-10 14:59:00 - train - INFO - Epoch 48 - Train Loss: 3.3034, Flow: 1.1476, LM: 2.1558
2026-03-10 14:59:01 - train - INFO - Validation - Loss: 3.3169, Flow: 1.1621, LM: 2.1548, Perplexity: 8.63
2026-03-10 14:59:01 - train - INFO - Phase Metrics - MSE: 0.5950, MAE: 0.6081, RMSE: 0.7713, Pearson: 0.3199, Spearman: 0.3249
2026-03-10 14:59:03 - train - INFO - Epoch 49 - Train Loss: 3.3070, Flow: 1.1536, LM: 2.1534
2026-03-10 14:59:04 - train - INFO - Validation - Loss: 3.2071, Flow: 1.0510, LM: 2.1561, Perplexity: 8.64
2026-03-10 14:59:04 - train - INFO - Phase Metrics - MSE: 0.6000, MAE: 0.6111, RMSE: 0.7746, Pearson: 0.3287, Spearman: 0.3278
2026-03-10 14:59:05 - train - INFO - Saved best model with val_loss=3.2071
2026-03-10 14:59:07 - train - INFO - Epoch 50 - Train Loss: 3.3002, Flow: 1.1473, LM: 2.1529
2026-03-10 14:59:07 - train - INFO - Validation - Loss: 3.2998, Flow: 1.1480, LM: 2.1518, Perplexity: 8.60
2026-03-10 14:59:07 - train - INFO - Phase Metrics - MSE: 0.6019, MAE: 0.6139, RMSE: 0.7758, Pearson: 0.3042, Spearman: 0.3033
2026-03-10 14:59:10 - train - INFO - Epoch 51 - Train Loss: 3.2927, Flow: 1.1439, LM: 2.1488
2026-03-10 14:59:10 - train - INFO - Validation - Loss: 3.2640, Flow: 1.1122, LM: 2.1519, Perplexity: 8.60
2026-03-10 14:59:10 - train - INFO - Phase Metrics - MSE: 0.5989, MAE: 0.6096, RMSE: 0.7739, Pearson: 0.3202, Spearman: 0.3206
2026-03-10 14:59:14 - train - INFO - Epoch 52 - Train Loss: 3.2993, Flow: 1.1516, LM: 2.1477
2026-03-10 14:59:14 - train - INFO - Validation - Loss: 3.2663, Flow: 1.1176, LM: 2.1487, Perplexity: 8.57
2026-03-10 14:59:14 - train - INFO - Phase Metrics - MSE: 0.5910, MAE: 0.6038, RMSE: 0.7687, Pearson: 0.3059, Spearman: 0.3081
2026-03-10 14:59:17 - train - INFO - Epoch 53 - Train Loss: 3.2889, Flow: 1.1445, LM: 2.1445
2026-03-10 14:59:17 - train - INFO - Validation - Loss: 3.3058, Flow: 1.1586, LM: 2.1472, Perplexity: 8.56
2026-03-10 14:59:17 - train - INFO - Phase Metrics - MSE: 0.6045, MAE: 0.6125, RMSE: 0.7775, Pearson: 0.2957, Spearman: 0.2970
2026-03-10 14:59:20 - train - INFO - Epoch 54 - Train Loss: 3.2894, Flow: 1.1464, LM: 2.1430
2026-03-10 14:59:21 - train - INFO - Validation - Loss: 3.2540, Flow: 1.1055, LM: 2.1485, Perplexity: 8.57
2026-03-10 14:59:21 - train - INFO - Phase Metrics - MSE: 0.6028, MAE: 0.6105, RMSE: 0.7764, Pearson: 0.3148, Spearman: 0.3152
2026-03-10 14:59:24 - train - INFO - Epoch 55 - Train Loss: 3.2940, Flow: 1.1517, LM: 2.1422
2026-03-10 14:59:24 - train - INFO - Validation - Loss: 3.2422, Flow: 1.0972, LM: 2.1450, Perplexity: 8.54
2026-03-10 14:59:24 - train - INFO - Phase Metrics - MSE: 0.5851, MAE: 0.6023, RMSE: 0.7649, Pearson: 0.3323, Spearman: 0.3300
2026-03-10 14:59:27 - train - INFO - Epoch 56 - Train Loss: 3.2872, Flow: 1.1485, LM: 2.1387
2026-03-10 14:59:27 - train - INFO - Validation - Loss: 3.2619, Flow: 1.1148, LM: 2.1470, Perplexity: 8.56
2026-03-10 14:59:27 - train - INFO - Phase Metrics - MSE: 0.5937, MAE: 0.6088, RMSE: 0.7705, Pearson: 0.3194, Spearman: 0.3185
2026-03-10 14:59:30 - train - INFO - Epoch 57 - Train Loss: 3.2765, Flow: 1.1400, LM: 2.1365
2026-03-10 14:59:30 - train - INFO - Validation - Loss: 3.3019, Flow: 1.1567, LM: 2.1452, Perplexity: 8.54
2026-03-10 14:59:30 - train - INFO - Phase Metrics - MSE: 0.5954, MAE: 0.6114, RMSE: 0.7716, Pearson: 0.2975, Spearman: 0.2937
2026-03-10 14:59:33 - train - INFO - Epoch 58 - Train Loss: 3.2846, Flow: 1.1495, LM: 2.1352
2026-03-10 14:59:34 - train - INFO - Validation - Loss: 3.2522, Flow: 1.1073, LM: 2.1449, Perplexity: 8.54
2026-03-10 14:59:34 - train - INFO - Phase Metrics - MSE: 0.5843, MAE: 0.6037, RMSE: 0.7644, Pearson: 0.3295, Spearman: 0.3295
2026-03-10 14:59:37 - train - INFO - Epoch 59 - Train Loss: 3.2659, Flow: 1.1312, LM: 2.1347
2026-03-10 14:59:37 - train - INFO - Validation - Loss: 3.2898, Flow: 1.1442, LM: 2.1456, Perplexity: 8.55
2026-03-10 14:59:37 - train - INFO - Phase Metrics - MSE: 0.5833, MAE: 0.6028, RMSE: 0.7637, Pearson: 0.3276, Spearman: 0.3208
2026-03-10 14:59:40 - train - INFO - Epoch 60 - Train Loss: 3.2644, Flow: 1.1329, LM: 2.1314
2026-03-10 14:59:40 - train - INFO - Validation - Loss: 3.3012, Flow: 1.1587, LM: 2.1425, Perplexity: 8.52
2026-03-10 14:59:40 - train - INFO - Phase Metrics - MSE: 0.5894, MAE: 0.6059, RMSE: 0.7677, Pearson: 0.3291, Spearman: 0.3255
2026-03-10 14:59:44 - train - INFO - Epoch 61 - Train Loss: 3.2549, Flow: 1.1272, LM: 2.1277
2026-03-10 14:59:44 - train - INFO - Validation - Loss: 3.2742, Flow: 1.1293, LM: 2.1449, Perplexity: 8.54
2026-03-10 14:59:44 - train - INFO - Phase Metrics - MSE: 0.5958, MAE: 0.6077, RMSE: 0.7719, Pearson: 0.3067, Spearman: 0.3070
2026-03-10 14:59:47 - train - INFO - Epoch 62 - Train Loss: 3.2623, Flow: 1.1327, LM: 2.1295
2026-03-10 14:59:47 - train - INFO - Validation - Loss: 3.2584, Flow: 1.1186, LM: 2.1398, Perplexity: 8.50
2026-03-10 14:59:47 - train - INFO - Phase Metrics - MSE: 0.6011, MAE: 0.6109, RMSE: 0.7753, Pearson: 0.2912, Spearman: 0.2879
2026-03-10 14:59:50 - train - INFO - Epoch 63 - Train Loss: 3.2460, Flow: 1.1206, LM: 2.1254
2026-03-10 14:59:50 - train - INFO - Validation - Loss: 3.3302, Flow: 1.1881, LM: 2.1422, Perplexity: 8.52
2026-03-10 14:59:50 - train - INFO - Phase Metrics - MSE: 0.5965, MAE: 0.6080, RMSE: 0.7724, Pearson: 0.3194, Spearman: 0.3161
2026-03-10 14:59:53 - train - INFO - Epoch 64 - Train Loss: 3.2569, Flow: 1.1348, LM: 2.1221
2026-03-10 14:59:54 - train - INFO - Validation - Loss: 3.2607, Flow: 1.1190, LM: 2.1417, Perplexity: 8.51
2026-03-10 14:59:54 - train - INFO - Phase Metrics - MSE: 0.5951, MAE: 0.6093, RMSE: 0.7714, Pearson: 0.3077, Spearman: 0.2957
2026-03-10 14:59:57 - train - INFO - Epoch 65 - Train Loss: 3.2595, Flow: 1.1410, LM: 2.1185
2026-03-10 14:59:57 - train - INFO - Validation - Loss: 3.3265, Flow: 1.1757, LM: 2.1507, Perplexity: 8.59
2026-03-10 14:59:57 - train - INFO - Phase Metrics - MSE: 0.5922, MAE: 0.6074, RMSE: 0.7696, Pearson: 0.3288, Spearman: 0.3226
2026-03-10 15:00:00 - train - INFO - Epoch 66 - Train Loss: 3.2514, Flow: 1.1348, LM: 2.1166
2026-03-10 15:00:01 - train - INFO - Validation - Loss: 3.2881, Flow: 1.1426, LM: 2.1455, Perplexity: 8.55
2026-03-10 15:00:01 - train - INFO - Phase Metrics - MSE: 0.5920, MAE: 0.6038, RMSE: 0.7694, Pearson: 0.3222, Spearman: 0.3177
2026-03-10 15:00:04 - train - INFO - Epoch 67 - Train Loss: 3.2375, Flow: 1.1236, LM: 2.1139
2026-03-10 15:00:04 - train - INFO - Validation - Loss: 3.2973, Flow: 1.1502, LM: 2.1471, Perplexity: 8.56
2026-03-10 15:00:04 - train - INFO - Phase Metrics - MSE: 0.5984, MAE: 0.6088, RMSE: 0.7736, Pearson: 0.3104, Spearman: 0.3060
2026-03-10 15:00:07 - train - INFO - Epoch 68 - Train Loss: 3.2344, Flow: 1.1234, LM: 2.1110
2026-03-10 15:00:08 - train - INFO - Validation - Loss: 3.2793, Flow: 1.1344, LM: 2.1450, Perplexity: 8.54
2026-03-10 15:00:08 - train - INFO - Phase Metrics - MSE: 0.5910, MAE: 0.6050, RMSE: 0.7688, Pearson: 0.3332, Spearman: 0.3294
2026-03-10 15:00:11 - train - INFO - Epoch 69 - Train Loss: 3.2247, Flow: 1.1184, LM: 2.1062
2026-03-10 15:00:11 - train - INFO - Validation - Loss: 3.2797, Flow: 1.1314, LM: 2.1483, Perplexity: 8.57
2026-03-10 15:00:11 - train - INFO - Phase Metrics - MSE: 0.5852, MAE: 0.6041, RMSE: 0.7650, Pearson: 0.3409, Spearman: 0.3355
2026-03-10 15:00:13 - train - INFO - Early stopping triggered at epoch 69
2026-03-10 15:00:13 - train - INFO - Training completed!
2026-03-10 15:00:13 - train - INFO - Best validation loss: 3.2071
2026-03-10 15:00:13 - train - INFO - 
Evaluating on test set (incomplete phase diagrams)...
2026-03-10 15:00:13 - train - INFO - ============================================================
2026-03-10 15:00:13 - train - INFO - TEST SET EVALUATION
2026-03-10 15:00:13 - train - INFO - ============================================================
2026-03-10 15:00:13 - train - INFO - Test - Loss: 3.2832, Flow: 1.1397, LM: 2.1434, Perplexity: 8.53
2026-03-10 15:00:13 - train - INFO - Phase Metrics - MSE: 0.6112, MAE: 0.6166, RMSE: 0.7818, Pearson: 0.3623, Spearman: 0.3524
2026-03-10 15:00:13 - train - INFO - ============================================================
2026-03-10 15:00:13 - train - INFO - Test results saved to: /data/yanjie_huang/LLPS/predictor/PhaseFlow/outputs/output_flow1_missing0_20260310/test_results.json
2026-03-10 15:00:13 - train - INFO - Done!
