Device: cuda:6
Loading from CSV: /data/yanjie_huang/LLPS/phase_diagram/test_set.csv
Dataset loaded: 500 samples (all)
  Sequence length range: 5-20
  Missing value ratio: 0.0%
Test set: 500 sequences

[1/3] 自然序列 + 正确相图...
[2/3] 自然序列 + 错误相图（打乱）...
[3/3] 随机序列 + 任意相图...

============================================================
[Top 25%] 强/弱交叉配对 + 二分类 (n=125 per group)
============================================================
  强 (Strong LLPS): mean_pssi=[-1.418, -0.202] (均值 -0.516)
  弱 (Weak LLPS):   mean_pssi=[0.197, 0.748] (均值 0.335)

  组别                              Mean LL        Std     Median
  ----------------------------------------------------------
  强序列 + 强相图(正确)               -2.2725     0.1691    -2.2990
  强序列 + 弱相图(错误)               -2.3157     0.1752    -2.3405
  弱序列 + 弱相图(正确)               -2.1417     0.2141    -2.1846
  弱序列 + 强相图(错误)               -2.2250     0.1960    -2.2662

  强序列: 正确 - 错误 = +0.0432
  弱序列: 正确 - 错误 = +0.0833

  广义相图二分类:
    广义强相图 mean_pssi: -0.5162
    广义弱相图 mean_pssi: 0.3350
    总准确率:   0.7760 (194/250)
    强序列准确率: 0.6640 (83/125)
    弱序列准确率: 0.8880 (111/125)

============================================================
[Top 10%] 强/弱交叉配对 + 二分类 (n=50 per group)
============================================================
  强 (Strong LLPS): mean_pssi=[-1.418, -0.543] (均值 -0.775)
  弱 (Weak LLPS):   mean_pssi=[0.323, 0.748] (均值 0.445)

  组别                              Mean LL        Std     Median
  ----------------------------------------------------------
  强序列 + 强相图(正确)               -2.2200     0.1941    -2.2415
  强序列 + 弱相图(错误)               -2.3457     0.2253    -2.3431
  弱序列 + 弱相图(正确)               -2.1235     0.1912    -2.1705
  弱序列 + 强相图(错误)               -2.2514     0.1497    -2.2863

  强序列: 正确 - 错误 = +0.1257
  弱序列: 正确 - 错误 = +0.1280

  广义相图二分类:
    广义强相图 mean_pssi: -0.7755
    广义弱相图 mean_pssi: 0.4455
    总准确率:   0.8900 (89/100)
    强序列准确率: 0.8400 (42/50)
    弱序列准确率: 0.9400 (47/50)

============================================================
Log-Likelihood 区分度验证
============================================================
组别                                Mean LL        Std     Median
------------------------------------------------------------
自然序列 + 正确相图                   -2.1744     0.2233    -2.2210
自然序列 + 错误相图                   -2.2158     0.2229    -2.2586
随机序列 + 任意相图                   -2.4239     0.2488    -2.4655
============================================================

差异分析:
  正确 - 随机打乱: +0.0415
  正确 - 随机序列: +0.2495
  随机打乱 - 随机序列: +0.2080

图表已保存: /data/yanjie_huang/LLPS/predictor/PhaseFlow/analysis/loglikelihood/ll_discrimination.png
