2026-03-10 12:26:54 - train - INFO - Output directory: /data/yanjie_huang/LLPS/predictor/PhaseFlow/outputs/output_flow5_missing0_20260310
2026-03-10 12:26:54 - train - INFO - CUDA context initialized
2026-03-10 12:26:54 - train - INFO - Loading data...
2026-03-10 12:26:54 - train - INFO - Using missing threshold split: threshold=0
2026-03-10 12:26:54 - train - INFO - Using hardcoded val/test sets from phase_diagram/val_set.csv and test_set.csv
2026-03-10 12:26:54 - train - INFO - Train samples (missing <= 0): 10165
2026-03-10 12:26:54 - train - INFO - Val samples: 500
2026-03-10 12:26:54 - train - INFO - Test samples: 500
2026-03-10 12:26:54 - train - INFO - Creating model...
2026-03-10 12:26:54 - train - INFO - Using Set Transformer encoder: False
2026-03-10 12:26:54 - train - INFO - Model parameters: 6.85M (6,849,312)
2026-03-10 12:26:55 - train - INFO - Visualization directory: /data/yanjie_huang/LLPS/predictor/PhaseFlow/visual_training/flow5_missing0_20260310
2026-03-10 12:26:55 - train - INFO - Starting training...
2026-03-10 12:26:57 - train - INFO - Epoch 1 - Train Loss: 12.3360, Flow: 1.7679, LM: 3.4965
2026-03-10 12:26:57 - train - INFO - Validation - Loss: 12.0028, Flow: 1.7009, LM: 3.4985, Perplexity: 33.06
2026-03-10 12:26:57 - train - INFO - Phase Metrics - MSE: 1.7136, MAE: 1.0482, RMSE: 1.3090, Pearson: 0.0057, Spearman: 0.0062
2026-03-10 12:26:59 - train - INFO - Saved best model with val_loss=12.0028
2026-03-10 12:27:00 - train - INFO - Epoch 2 - Train Loss: 12.0708, Flow: 1.7160, LM: 3.4910
2026-03-10 12:27:00 - train - INFO - Validation - Loss: 11.7739, Flow: 1.6577, LM: 3.4853, Perplexity: 32.63
2026-03-10 12:27:00 - train - INFO - Phase Metrics - MSE: 1.6877, MAE: 1.0450, RMSE: 1.2991, Pearson: 0.0440, Spearman: 0.0381
2026-03-10 12:27:02 - train - INFO - Saved best model with val_loss=11.7739
2026-03-10 12:27:03 - train - INFO - Epoch 3 - Train Loss: 11.7809, Flow: 1.6625, LM: 3.4684
2026-03-10 12:27:03 - train - INFO - Validation - Loss: 11.5474, Flow: 1.6201, LM: 3.4468, Perplexity: 31.40
2026-03-10 12:27:03 - train - INFO - Phase Metrics - MSE: 1.6807, MAE: 1.0352, RMSE: 1.2964, Pearson: 0.0601, Spearman: 0.0572
2026-03-10 12:27:05 - train - INFO - Saved best model with val_loss=11.5474
2026-03-10 12:27:06 - train - INFO - Epoch 4 - Train Loss: 11.6054, Flow: 1.6369, LM: 3.4210
2026-03-10 12:27:06 - train - INFO - Validation - Loss: 11.4567, Flow: 1.6145, LM: 3.3840, Perplexity: 29.49
2026-03-10 12:27:06 - train - INFO - Phase Metrics - MSE: 1.6449, MAE: 1.0245, RMSE: 1.2826, Pearson: 0.0441, Spearman: 0.0419
2026-03-10 12:27:08 - train - INFO - Saved best model with val_loss=11.4567
2026-03-10 12:27:10 - train - INFO - Epoch 5 - Train Loss: 11.3843, Flow: 1.6063, LM: 3.3526
2026-03-10 12:27:10 - train - INFO - Validation - Loss: 11.3834, Flow: 1.6156, LM: 3.3055, Perplexity: 27.26
2026-03-10 12:27:10 - train - INFO - Phase Metrics - MSE: 1.5773, MAE: 1.0030, RMSE: 1.2559, Pearson: 0.0577, Spearman: 0.0597
2026-03-10 12:27:12 - train - INFO - Saved best model with val_loss=11.3834
2026-03-10 12:27:13 - train - INFO - Epoch 6 - Train Loss: 11.1652, Flow: 1.5791, LM: 3.2696
2026-03-10 12:27:13 - train - INFO - Validation - Loss: 11.0694, Flow: 1.5699, LM: 3.2199, Perplexity: 25.03
2026-03-10 12:27:13 - train - INFO - Phase Metrics - MSE: 1.5145, MAE: 0.9813, RMSE: 1.2306, Pearson: 0.0727, Spearman: 0.0723
2026-03-10 12:27:15 - train - INFO - Saved best model with val_loss=11.0694
2026-03-10 12:27:16 - train - INFO - Epoch 7 - Train Loss: 10.9318, Flow: 1.5489, LM: 3.1871
2026-03-10 12:27:16 - train - INFO - Validation - Loss: 10.8810, Flow: 1.5471, LM: 3.1455, Perplexity: 23.23
2026-03-10 12:27:16 - train - INFO - Phase Metrics - MSE: 1.5100, MAE: 0.9809, RMSE: 1.2288, Pearson: 0.0741, Spearman: 0.0716
2026-03-10 12:27:18 - train - INFO - Saved best model with val_loss=10.8810
2026-03-10 12:27:19 - train - INFO - Epoch 8 - Train Loss: 10.8183, Flow: 1.5408, LM: 3.1145
2026-03-10 12:27:20 - train - INFO - Validation - Loss: 10.5029, Flow: 1.4852, LM: 3.0769, Perplexity: 21.69
2026-03-10 12:27:20 - train - INFO - Phase Metrics - MSE: 1.4196, MAE: 0.9493, RMSE: 1.1915, Pearson: 0.0906, Spearman: 0.0854
2026-03-10 12:27:21 - train - INFO - Saved best model with val_loss=10.5029
2026-03-10 12:27:23 - train - INFO - Epoch 9 - Train Loss: 10.6325, Flow: 1.5172, LM: 3.0468
2026-03-10 12:27:23 - train - INFO - Validation - Loss: 10.1850, Flow: 1.4356, LM: 3.0070, Perplexity: 20.23
2026-03-10 12:27:23 - train - INFO - Phase Metrics - MSE: 1.3204, MAE: 0.9149, RMSE: 1.1491, Pearson: 0.0866, Spearman: 0.0830
2026-03-10 12:27:25 - train - INFO - Saved best model with val_loss=10.1850
2026-03-10 12:27:26 - train - INFO - Epoch 10 - Train Loss: 10.3750, Flow: 1.4802, LM: 2.9742
2026-03-10 12:27:26 - train - INFO - Validation - Loss: 10.3310, Flow: 1.4806, LM: 2.9280, Perplexity: 18.69
2026-03-10 12:27:26 - train - INFO - Phase Metrics - MSE: 1.2252, MAE: 0.8760, RMSE: 1.1069, Pearson: 0.1086, Spearman: 0.1071
2026-03-10 12:27:29 - train - INFO - Epoch 11 - Train Loss: 10.2133, Flow: 1.4641, LM: 2.8925
2026-03-10 12:27:29 - train - INFO - Validation - Loss: 9.9309, Flow: 1.4192, LM: 2.8348, Perplexity: 17.03
2026-03-10 12:27:29 - train - INFO - Phase Metrics - MSE: 1.1452, MAE: 0.8453, RMSE: 1.0701, Pearson: 0.1203, Spearman: 0.1265
2026-03-10 12:27:31 - train - INFO - Saved best model with val_loss=9.9309
2026-03-10 12:27:32 - train - INFO - Epoch 12 - Train Loss: 10.0794, Flow: 1.4565, LM: 2.7967
2026-03-10 12:27:32 - train - INFO - Validation - Loss: 9.6833, Flow: 1.3906, LM: 2.7303, Perplexity: 15.34
2026-03-10 12:27:32 - train - INFO - Phase Metrics - MSE: 1.1205, MAE: 0.8356, RMSE: 1.0585, Pearson: 0.0981, Spearman: 0.0980
2026-03-10 12:27:34 - train - INFO - Saved best model with val_loss=9.6833
2026-03-10 12:27:36 - train - INFO - Epoch 13 - Train Loss: 9.8623, Flow: 1.4326, LM: 2.6992
2026-03-10 12:27:36 - train - INFO - Validation - Loss: 9.6913, Flow: 1.4119, LM: 2.6318, Perplexity: 13.90
2026-03-10 12:27:36 - train - INFO - Phase Metrics - MSE: 1.0617, MAE: 0.8087, RMSE: 1.0304, Pearson: 0.1151, Spearman: 0.1156
2026-03-10 12:27:39 - train - INFO - Epoch 14 - Train Loss: 9.7205, Flow: 1.4227, LM: 2.6071
2026-03-10 12:27:39 - train - INFO - Validation - Loss: 9.5640, Flow: 1.4038, LM: 2.5448, Perplexity: 12.74
2026-03-10 12:27:39 - train - INFO - Phase Metrics - MSE: 1.0034, MAE: 0.7890, RMSE: 1.0017, Pearson: 0.1293, Spearman: 0.1284
2026-03-10 12:27:41 - train - INFO - Saved best model with val_loss=9.5640
2026-03-10 12:27:42 - train - INFO - Epoch 15 - Train Loss: 9.5493, Flow: 1.4036, LM: 2.5313
2026-03-10 12:27:42 - train - INFO - Validation - Loss: 9.3415, Flow: 1.3723, LM: 2.4800, Perplexity: 11.94
2026-03-10 12:27:42 - train - INFO - Phase Metrics - MSE: 0.9510, MAE: 0.7678, RMSE: 0.9752, Pearson: 0.1622, Spearman: 0.1673
2026-03-10 12:27:44 - train - INFO - Saved best model with val_loss=9.3415
2026-03-10 12:27:45 - train - INFO - Epoch 16 - Train Loss: 9.4446, Flow: 1.3941, LM: 2.4741
2026-03-10 12:27:45 - train - INFO - Validation - Loss: 9.1771, Flow: 1.3483, LM: 2.4354, Perplexity: 11.42
2026-03-10 12:27:45 - train - INFO - Phase Metrics - MSE: 0.8748, MAE: 0.7340, RMSE: 0.9353, Pearson: 0.1617, Spearman: 0.1733
2026-03-10 12:27:47 - train - INFO - Saved best model with val_loss=9.1771
2026-03-10 12:27:48 - train - INFO - Epoch 17 - Train Loss: 9.2520, Flow: 1.3634, LM: 2.4352
2026-03-10 12:27:49 - train - INFO - Validation - Loss: 8.8377, Flow: 1.2868, LM: 2.4037, Perplexity: 11.06
2026-03-10 12:27:49 - train - INFO - Phase Metrics - MSE: 0.8468, MAE: 0.7214, RMSE: 0.9202, Pearson: 0.1433, Spearman: 0.1572
2026-03-10 12:27:50 - train - INFO - Saved best model with val_loss=8.8377
2026-03-10 12:27:52 - train - INFO - Epoch 18 - Train Loss: 9.0119, Flow: 1.3211, LM: 2.4064
2026-03-10 12:27:52 - train - INFO - Validation - Loss: 8.7779, Flow: 1.2793, LM: 2.3812, Perplexity: 10.82
2026-03-10 12:27:52 - train - INFO - Phase Metrics - MSE: 0.7789, MAE: 0.7008, RMSE: 0.8826, Pearson: 0.1734, Spearman: 0.1767
2026-03-10 12:27:54 - train - INFO - Saved best model with val_loss=8.7779
2026-03-10 12:27:55 - train - INFO - Epoch 19 - Train Loss: 8.8214, Flow: 1.2872, LM: 2.3853
2026-03-10 12:27:55 - train - INFO - Validation - Loss: 8.5880, Flow: 1.2448, LM: 2.3641, Perplexity: 10.63
2026-03-10 12:27:55 - train - INFO - Phase Metrics - MSE: 0.7298, MAE: 0.6771, RMSE: 0.8543, Pearson: 0.2073, Spearman: 0.2106
2026-03-10 12:27:57 - train - INFO - Saved best model with val_loss=8.5880
2026-03-10 12:27:58 - train - INFO - Epoch 20 - Train Loss: 8.6702, Flow: 1.2603, LM: 2.3688
2026-03-10 12:27:58 - train - INFO - Validation - Loss: 8.3945, Flow: 1.2091, LM: 2.3492, Perplexity: 10.48
2026-03-10 12:27:58 - train - INFO - Phase Metrics - MSE: 0.7139, MAE: 0.6675, RMSE: 0.8449, Pearson: 0.2206, Spearman: 0.2248
2026-03-10 12:28:00 - train - INFO - Saved best model with val_loss=8.3945
2026-03-10 12:28:02 - train - INFO - Epoch 21 - Train Loss: 8.5609, Flow: 1.2413, LM: 2.3542
2026-03-10 12:28:02 - train - INFO - Validation - Loss: 8.3504, Flow: 1.2029, LM: 2.3361, Perplexity: 10.34
2026-03-10 12:28:02 - train - INFO - Phase Metrics - MSE: 0.6856, MAE: 0.6562, RMSE: 0.8280, Pearson: 0.2269, Spearman: 0.2311
2026-03-10 12:28:04 - train - INFO - Saved best model with val_loss=8.3504
2026-03-10 12:28:05 - train - INFO - Epoch 22 - Train Loss: 8.4744, Flow: 1.2267, LM: 2.3408
2026-03-10 12:28:05 - train - INFO - Validation - Loss: 8.4643, Flow: 1.2281, LM: 2.3240, Perplexity: 10.22
2026-03-10 12:28:05 - train - INFO - Phase Metrics - MSE: 0.6666, MAE: 0.6487, RMSE: 0.8164, Pearson: 0.2243, Spearman: 0.2270
2026-03-10 12:28:08 - train - INFO - Epoch 23 - Train Loss: 8.3912, Flow: 1.2126, LM: 2.3281
2026-03-10 12:28:08 - train - INFO - Validation - Loss: 8.1656, Flow: 1.1712, LM: 2.3098, Perplexity: 10.07
2026-03-10 12:28:08 - train - INFO - Phase Metrics - MSE: 0.6471, MAE: 0.6343, RMSE: 0.8044, Pearson: 0.2522, Spearman: 0.2607
2026-03-10 12:28:10 - train - INFO - Saved best model with val_loss=8.1656
2026-03-10 12:28:11 - train - INFO - Epoch 24 - Train Loss: 8.3242, Flow: 1.2021, LM: 2.3139
2026-03-10 12:28:11 - train - INFO - Validation - Loss: 8.0301, Flow: 1.1469, LM: 2.2956, Perplexity: 9.93
2026-03-10 12:28:11 - train - INFO - Phase Metrics - MSE: 0.6362, MAE: 0.6298, RMSE: 0.7976, Pearson: 0.2686, Spearman: 0.2752
2026-03-10 12:28:13 - train - INFO - Saved best model with val_loss=8.0301
2026-03-10 12:28:14 - train - INFO - Epoch 25 - Train Loss: 8.2483, Flow: 1.1898, LM: 2.2995
2026-03-10 12:28:15 - train - INFO - Validation - Loss: 8.2375, Flow: 1.1915, LM: 2.2799, Perplexity: 9.78
2026-03-10 12:28:15 - train - INFO - Phase Metrics - MSE: 0.6404, MAE: 0.6292, RMSE: 0.8003, Pearson: 0.2628, Spearman: 0.2703
2026-03-10 12:28:18 - train - INFO - Epoch 26 - Train Loss: 8.2480, Flow: 1.1926, LM: 2.2848
2026-03-10 12:28:18 - train - INFO - Validation - Loss: 7.9925, Flow: 1.1446, LM: 2.2694, Perplexity: 9.67
2026-03-10 12:28:18 - train - INFO - Phase Metrics - MSE: 0.6225, MAE: 0.6237, RMSE: 0.7890, Pearson: 0.2917, Spearman: 0.2930
2026-03-10 12:28:19 - train - INFO - Saved best model with val_loss=7.9925
2026-03-10 12:28:21 - train - INFO - Epoch 27 - Train Loss: 8.2053, Flow: 1.1867, LM: 2.2718
2026-03-10 12:28:21 - train - INFO - Validation - Loss: 8.1405, Flow: 1.1765, LM: 2.2580, Perplexity: 9.56
2026-03-10 12:28:21 - train - INFO - Phase Metrics - MSE: 0.6257, MAE: 0.6228, RMSE: 0.7910, Pearson: 0.2871, Spearman: 0.2914
2026-03-10 12:28:24 - train - INFO - Epoch 28 - Train Loss: 8.2025, Flow: 1.1880, LM: 2.2625
2026-03-10 12:28:24 - train - INFO - Validation - Loss: 8.2228, Flow: 1.1954, LM: 2.2459, Perplexity: 9.45
2026-03-10 12:28:24 - train - INFO - Phase Metrics - MSE: 0.6165, MAE: 0.6221, RMSE: 0.7852, Pearson: 0.2868, Spearman: 0.2849
2026-03-10 12:28:27 - train - INFO - Epoch 29 - Train Loss: 8.1447, Flow: 1.1781, LM: 2.2541
2026-03-10 12:28:27 - train - INFO - Validation - Loss: 7.9708, Flow: 1.1457, LM: 2.2422, Perplexity: 9.41
2026-03-10 12:28:27 - train - INFO - Phase Metrics - MSE: 0.6189, MAE: 0.6228, RMSE: 0.7867, Pearson: 0.2697, Spearman: 0.2696
2026-03-10 12:28:29 - train - INFO - Saved best model with val_loss=7.9708
2026-03-10 12:28:30 - train - INFO - Epoch 30 - Train Loss: 8.1143, Flow: 1.1733, LM: 2.2480
2026-03-10 12:28:30 - train - INFO - Validation - Loss: 7.9119, Flow: 1.1352, LM: 2.2357, Perplexity: 9.35
2026-03-10 12:28:30 - train - INFO - Phase Metrics - MSE: 0.6193, MAE: 0.6237, RMSE: 0.7870, Pearson: 0.2826, Spearman: 0.2790
2026-03-10 12:28:32 - train - INFO - Saved best model with val_loss=7.9119
2026-03-10 12:28:33 - train - INFO - Epoch 31 - Train Loss: 8.0870, Flow: 1.1687, LM: 2.2437
2026-03-10 12:28:34 - train - INFO - Validation - Loss: 7.9455, Flow: 1.1422, LM: 2.2343, Perplexity: 9.34
2026-03-10 12:28:34 - train - INFO - Phase Metrics - MSE: 0.6089, MAE: 0.6144, RMSE: 0.7803, Pearson: 0.2918, Spearman: 0.2977
2026-03-10 12:28:37 - train - INFO - Epoch 32 - Train Loss: 8.1032, Flow: 1.1728, LM: 2.2392
2026-03-10 12:28:37 - train - INFO - Validation - Loss: 8.0415, Flow: 1.1627, LM: 2.2279, Perplexity: 9.28
2026-03-10 12:28:37 - train - INFO - Phase Metrics - MSE: 0.6041, MAE: 0.6112, RMSE: 0.7773, Pearson: 0.2974, Spearman: 0.3000
2026-03-10 12:28:40 - train - INFO - Epoch 33 - Train Loss: 8.0755, Flow: 1.1676, LM: 2.2376
2026-03-10 12:28:40 - train - INFO - Validation - Loss: 8.0361, Flow: 1.1616, LM: 2.2282, Perplexity: 9.28
2026-03-10 12:28:40 - train - INFO - Phase Metrics - MSE: 0.6094, MAE: 0.6159, RMSE: 0.7807, Pearson: 0.3138, Spearman: 0.3142
2026-03-10 12:28:43 - train - INFO - Epoch 34 - Train Loss: 8.0193, Flow: 1.1575, LM: 2.2318
2026-03-10 12:28:43 - train - INFO - Validation - Loss: 7.9759, Flow: 1.1505, LM: 2.2233, Perplexity: 9.24
2026-03-10 12:28:43 - train - INFO - Phase Metrics - MSE: 0.6028, MAE: 0.6117, RMSE: 0.7764, Pearson: 0.3110, Spearman: 0.3150
2026-03-10 12:28:46 - train - INFO - Epoch 35 - Train Loss: 8.0473, Flow: 1.1639, LM: 2.2280
2026-03-10 12:28:46 - train - INFO - Validation - Loss: 7.8460, Flow: 1.1256, LM: 2.2179, Perplexity: 9.19
2026-03-10 12:28:46 - train - INFO - Phase Metrics - MSE: 0.6049, MAE: 0.6086, RMSE: 0.7778, Pearson: 0.3011, Spearman: 0.3057
2026-03-10 12:28:48 - train - INFO - Saved best model with val_loss=7.8460
2026-03-10 12:28:49 - train - INFO - Epoch 36 - Train Loss: 8.0362, Flow: 1.1625, LM: 2.2235
2026-03-10 12:28:50 - train - INFO - Validation - Loss: 7.9322, Flow: 1.1415, LM: 2.2246, Perplexity: 9.25
2026-03-10 12:28:50 - train - INFO - Phase Metrics - MSE: 0.6132, MAE: 0.6183, RMSE: 0.7831, Pearson: 0.2951, Spearman: 0.2997
2026-03-10 12:28:53 - train - INFO - Epoch 37 - Train Loss: 8.0164, Flow: 1.1587, LM: 2.2230
2026-03-10 12:28:53 - train - INFO - Validation - Loss: 7.9299, Flow: 1.1430, LM: 2.2151, Perplexity: 9.16
2026-03-10 12:28:53 - train - INFO - Phase Metrics - MSE: 0.6048, MAE: 0.6155, RMSE: 0.7777, Pearson: 0.3064, Spearman: 0.3075
2026-03-10 12:28:56 - train - INFO - Epoch 38 - Train Loss: 7.9958, Flow: 1.1556, LM: 2.2176
2026-03-10 12:28:56 - train - INFO - Validation - Loss: 7.9861, Flow: 1.1555, LM: 2.2085, Perplexity: 9.10
2026-03-10 12:28:56 - train - INFO - Phase Metrics - MSE: 0.6092, MAE: 0.6136, RMSE: 0.7805, Pearson: 0.2980, Spearman: 0.3039
2026-03-10 12:28:59 - train - INFO - Epoch 39 - Train Loss: 7.9651, Flow: 1.1501, LM: 2.2146
2026-03-10 12:29:00 - train - INFO - Validation - Loss: 7.9469, Flow: 1.1479, LM: 2.2074, Perplexity: 9.09
2026-03-10 12:29:00 - train - INFO - Phase Metrics - MSE: 0.6054, MAE: 0.6129, RMSE: 0.7781, Pearson: 0.3180, Spearman: 0.3193
2026-03-10 12:29:03 - train - INFO - Epoch 40 - Train Loss: 7.9469, Flow: 1.1471, LM: 2.2115
2026-03-10 12:29:03 - train - INFO - Validation - Loss: 7.7957, Flow: 1.1186, LM: 2.2028, Perplexity: 9.05
2026-03-10 12:29:03 - train - INFO - Phase Metrics - MSE: 0.5987, MAE: 0.6093, RMSE: 0.7738, Pearson: 0.3122, Spearman: 0.3157
2026-03-10 12:29:05 - train - INFO - Saved best model with val_loss=7.7957
2026-03-10 12:29:06 - train - INFO - Epoch 41 - Train Loss: 7.9740, Flow: 1.1533, LM: 2.2076
2026-03-10 12:29:07 - train - INFO - Validation - Loss: 7.8672, Flow: 1.1331, LM: 2.2015, Perplexity: 9.04
2026-03-10 12:29:07 - train - INFO - Phase Metrics - MSE: 0.6046, MAE: 0.6139, RMSE: 0.7775, Pearson: 0.3038, Spearman: 0.3006
2026-03-10 12:29:10 - train - INFO - Epoch 42 - Train Loss: 7.8987, Flow: 1.1388, LM: 2.2049
2026-03-10 12:29:10 - train - INFO - Validation - Loss: 7.8044, Flow: 1.1209, LM: 2.2001, Perplexity: 9.03
2026-03-10 12:29:10 - train - INFO - Phase Metrics - MSE: 0.5960, MAE: 0.6111, RMSE: 0.7720, Pearson: 0.3219, Spearman: 0.3185
2026-03-10 12:29:13 - train - INFO - Epoch 43 - Train Loss: 7.9423, Flow: 1.1479, LM: 2.2029
2026-03-10 12:29:13 - train - INFO - Validation - Loss: 7.9133, Flow: 1.1428, LM: 2.1991, Perplexity: 9.02
2026-03-10 12:29:13 - train - INFO - Phase Metrics - MSE: 0.6006, MAE: 0.6092, RMSE: 0.7750, Pearson: 0.3086, Spearman: 0.3125
2026-03-10 12:29:16 - train - INFO - Epoch 44 - Train Loss: 7.8912, Flow: 1.1383, LM: 2.1996
2026-03-10 12:29:16 - train - INFO - Validation - Loss: 7.7213, Flow: 1.1058, LM: 2.1923, Perplexity: 8.96
2026-03-10 12:29:16 - train - INFO - Phase Metrics - MSE: 0.6010, MAE: 0.6135, RMSE: 0.7753, Pearson: 0.2937, Spearman: 0.2934
2026-03-10 12:29:18 - train - INFO - Saved best model with val_loss=7.7213
2026-03-10 12:29:19 - train - INFO - Epoch 45 - Train Loss: 7.8827, Flow: 1.1372, LM: 2.1966
2026-03-10 12:29:19 - train - INFO - Validation - Loss: 7.7423, Flow: 1.1099, LM: 2.1930, Perplexity: 8.96
2026-03-10 12:29:19 - train - INFO - Phase Metrics - MSE: 0.5962, MAE: 0.6097, RMSE: 0.7721, Pearson: 0.3127, Spearman: 0.3139
2026-03-10 12:29:22 - train - INFO - Epoch 46 - Train Loss: 7.8523, Flow: 1.1318, LM: 2.1934
2026-03-10 12:29:22 - train - INFO - Validation - Loss: 7.9647, Flow: 1.1555, LM: 2.1872, Perplexity: 8.91
2026-03-10 12:29:22 - train - INFO - Phase Metrics - MSE: 0.6014, MAE: 0.6117, RMSE: 0.7755, Pearson: 0.3009, Spearman: 0.3033
2026-03-10 12:29:25 - train - INFO - Epoch 47 - Train Loss: 7.8995, Flow: 1.1417, LM: 2.1908
2026-03-10 12:29:25 - train - INFO - Validation - Loss: 7.9094, Flow: 1.1444, LM: 2.1874, Perplexity: 8.91
2026-03-10 12:29:25 - train - INFO - Phase Metrics - MSE: 0.5978, MAE: 0.6079, RMSE: 0.7731, Pearson: 0.3131, Spearman: 0.3115
2026-03-10 12:29:28 - train - INFO - Epoch 48 - Train Loss: 7.8633, Flow: 1.1345, LM: 2.1908
2026-03-10 12:29:28 - train - INFO - Validation - Loss: 8.0136, Flow: 1.1646, LM: 2.1904, Perplexity: 8.94
2026-03-10 12:29:28 - train - INFO - Phase Metrics - MSE: 0.5948, MAE: 0.6072, RMSE: 0.7712, Pearson: 0.3214, Spearman: 0.3247
2026-03-10 12:29:31 - train - INFO - Epoch 49 - Train Loss: 7.8962, Flow: 1.1417, LM: 2.1875
2026-03-10 12:29:32 - train - INFO - Validation - Loss: 7.4003, Flow: 1.0440, LM: 2.1804, Perplexity: 8.85
2026-03-10 12:29:32 - train - INFO - Phase Metrics - MSE: 0.5979, MAE: 0.6079, RMSE: 0.7732, Pearson: 0.3250, Spearman: 0.3278
2026-03-10 12:29:33 - train - INFO - Saved best model with val_loss=7.4003
2026-03-10 12:29:35 - train - INFO - Epoch 50 - Train Loss: 7.8558, Flow: 1.1339, LM: 2.1862
2026-03-10 12:29:35 - train - INFO - Validation - Loss: 7.9078, Flow: 1.1455, LM: 2.1804, Perplexity: 8.85
2026-03-10 12:29:35 - train - INFO - Phase Metrics - MSE: 0.6010, MAE: 0.6119, RMSE: 0.7753, Pearson: 0.3048, Spearman: 0.3027
2026-03-10 12:29:38 - train - INFO - Epoch 51 - Train Loss: 7.8110, Flow: 1.1251, LM: 2.1855
2026-03-10 12:29:38 - train - INFO - Validation - Loss: 7.7445, Flow: 1.1127, LM: 2.1809, Perplexity: 8.85
2026-03-10 12:29:38 - train - INFO - Phase Metrics - MSE: 0.5936, MAE: 0.6079, RMSE: 0.7704, Pearson: 0.3201, Spearman: 0.3158
2026-03-10 12:29:41 - train - INFO - Epoch 52 - Train Loss: 7.8528, Flow: 1.1341, LM: 2.1824
2026-03-10 12:29:41 - train - INFO - Validation - Loss: 7.7733, Flow: 1.1195, LM: 2.1761, Perplexity: 8.81
2026-03-10 12:29:41 - train - INFO - Phase Metrics - MSE: 0.5991, MAE: 0.6082, RMSE: 0.7740, Pearson: 0.3139, Spearman: 0.3150
2026-03-10 12:29:44 - train - INFO - Epoch 53 - Train Loss: 7.8294, Flow: 1.1293, LM: 2.1827
2026-03-10 12:29:44 - train - INFO - Validation - Loss: 7.9734, Flow: 1.1591, LM: 2.1780, Perplexity: 8.83
2026-03-10 12:29:44 - train - INFO - Phase Metrics - MSE: 0.6003, MAE: 0.6097, RMSE: 0.7748, Pearson: 0.3136, Spearman: 0.3140
2026-03-10 12:29:47 - train - INFO - Epoch 54 - Train Loss: 7.8415, Flow: 1.1328, LM: 2.1775
2026-03-10 12:29:48 - train - INFO - Validation - Loss: 7.7103, Flow: 1.1075, LM: 2.1727, Perplexity: 8.78
2026-03-10 12:29:48 - train - INFO - Phase Metrics - MSE: 0.6046, MAE: 0.6101, RMSE: 0.7776, Pearson: 0.3197, Spearman: 0.3195
2026-03-10 12:29:50 - train - INFO - Epoch 55 - Train Loss: 7.8594, Flow: 1.1366, LM: 2.1762
2026-03-10 12:29:51 - train - INFO - Validation - Loss: 7.6909, Flow: 1.1039, LM: 2.1716, Perplexity: 8.77
2026-03-10 12:29:51 - train - INFO - Phase Metrics - MSE: 0.5889, MAE: 0.6036, RMSE: 0.7674, Pearson: 0.3326, Spearman: 0.3290
2026-03-10 12:29:54 - train - INFO - Epoch 56 - Train Loss: 7.8463, Flow: 1.1342, LM: 2.1753
2026-03-10 12:29:54 - train - INFO - Validation - Loss: 7.8153, Flow: 1.1284, LM: 2.1731, Perplexity: 8.79
2026-03-10 12:29:54 - train - INFO - Phase Metrics - MSE: 0.5996, MAE: 0.6121, RMSE: 0.7743, Pearson: 0.3225, Spearman: 0.3208
2026-03-10 12:29:57 - train - INFO - Epoch 57 - Train Loss: 7.7935, Flow: 1.1238, LM: 2.1744
2026-03-10 12:29:57 - train - INFO - Validation - Loss: 7.9687, Flow: 1.1600, LM: 2.1686, Perplexity: 8.75
2026-03-10 12:29:57 - train - INFO - Phase Metrics - MSE: 0.5994, MAE: 0.6118, RMSE: 0.7742, Pearson: 0.3003, Spearman: 0.2943
2026-03-10 12:30:00 - train - INFO - Epoch 58 - Train Loss: 7.8382, Flow: 1.1332, LM: 2.1720
2026-03-10 12:30:00 - train - INFO - Validation - Loss: 7.7609, Flow: 1.1183, LM: 2.1696, Perplexity: 8.75
2026-03-10 12:30:00 - train - INFO - Phase Metrics - MSE: 0.5988, MAE: 0.6096, RMSE: 0.7738, Pearson: 0.3179, Spearman: 0.3165
2026-03-10 12:30:03 - train - INFO - Epoch 59 - Train Loss: 7.7515, Flow: 1.1164, LM: 2.1696
2026-03-10 12:30:03 - train - INFO - Validation - Loss: 7.9451, Flow: 1.1558, LM: 2.1659, Perplexity: 8.72
2026-03-10 12:30:03 - train - INFO - Phase Metrics - MSE: 0.5969, MAE: 0.6081, RMSE: 0.7726, Pearson: 0.3073, Spearman: 0.2986
2026-03-10 12:30:06 - train - INFO - Epoch 60 - Train Loss: 7.7630, Flow: 1.1186, LM: 2.1701
2026-03-10 12:30:07 - train - INFO - Validation - Loss: 7.9918, Flow: 1.1651, LM: 2.1663, Perplexity: 8.73
2026-03-10 12:30:07 - train - INFO - Phase Metrics - MSE: 0.6048, MAE: 0.6128, RMSE: 0.7777, Pearson: 0.3157, Spearman: 0.3097
2026-03-10 12:30:09 - train - INFO - Epoch 61 - Train Loss: 7.7357, Flow: 1.1126, LM: 2.1728
2026-03-10 12:30:10 - train - INFO - Validation - Loss: 7.8323, Flow: 1.1333, LM: 2.1661, Perplexity: 8.72
2026-03-10 12:30:10 - train - INFO - Phase Metrics - MSE: 0.5990, MAE: 0.6074, RMSE: 0.7740, Pearson: 0.3217, Spearman: 0.3215
2026-03-10 12:30:13 - train - INFO - Epoch 62 - Train Loss: 7.7339, Flow: 1.1129, LM: 2.1694
2026-03-10 12:30:13 - train - INFO - Validation - Loss: 7.7691, Flow: 1.1201, LM: 2.1687, Perplexity: 8.75
2026-03-10 12:30:13 - train - INFO - Phase Metrics - MSE: 0.5985, MAE: 0.6068, RMSE: 0.7736, Pearson: 0.3202, Spearman: 0.3190
2026-03-10 12:30:16 - train - INFO - Epoch 63 - Train Loss: 7.6699, Flow: 1.1005, LM: 2.1676
2026-03-10 12:30:16 - train - INFO - Validation - Loss: 8.0829, Flow: 1.1836, LM: 2.1650, Perplexity: 8.71
2026-03-10 12:30:16 - train - INFO - Phase Metrics - MSE: 0.6022, MAE: 0.6104, RMSE: 0.7760, Pearson: 0.3207, Spearman: 0.3154
2026-03-10 12:30:19 - train - INFO - Epoch 64 - Train Loss: 7.7377, Flow: 1.1143, LM: 2.1664
2026-03-10 12:30:19 - train - INFO - Validation - Loss: 7.8046, Flow: 1.1267, LM: 2.1710, Perplexity: 8.77
2026-03-10 12:30:19 - train - INFO - Phase Metrics - MSE: 0.5998, MAE: 0.6106, RMSE: 0.7745, Pearson: 0.3113, Spearman: 0.3057
2026-03-10 12:30:22 - train - INFO - Epoch 65 - Train Loss: 7.7536, Flow: 1.1175, LM: 2.1661
2026-03-10 12:30:22 - train - INFO - Validation - Loss: 8.1100, Flow: 1.1892, LM: 2.1638, Perplexity: 8.70
2026-03-10 12:30:22 - train - INFO - Phase Metrics - MSE: 0.6109, MAE: 0.6158, RMSE: 0.7816, Pearson: 0.3151, Spearman: 0.3100
2026-03-10 12:30:25 - train - INFO - Epoch 66 - Train Loss: 7.7359, Flow: 1.1147, LM: 2.1624
2026-03-10 12:30:26 - train - INFO - Validation - Loss: 7.9236, Flow: 1.1525, LM: 2.1613, Perplexity: 8.68
2026-03-10 12:30:26 - train - INFO - Phase Metrics - MSE: 0.6034, MAE: 0.6116, RMSE: 0.7768, Pearson: 0.3195, Spearman: 0.3126
2026-03-10 12:30:28 - train - INFO - Epoch 67 - Train Loss: 7.6645, Flow: 1.1010, LM: 2.1596
2026-03-10 12:30:29 - train - INFO - Validation - Loss: 7.9675, Flow: 1.1609, LM: 2.1628, Perplexity: 8.70
2026-03-10 12:30:29 - train - INFO - Phase Metrics - MSE: 0.6109, MAE: 0.6143, RMSE: 0.7816, Pearson: 0.3106, Spearman: 0.3022
2026-03-10 12:30:32 - train - INFO - Epoch 68 - Train Loss: 7.6849, Flow: 1.1044, LM: 2.1630
2026-03-10 12:30:32 - train - INFO - Validation - Loss: 7.9601, Flow: 1.1599, LM: 2.1607, Perplexity: 8.68
2026-03-10 12:30:32 - train - INFO - Phase Metrics - MSE: 0.6100, MAE: 0.6144, RMSE: 0.7810, Pearson: 0.3209, Spearman: 0.3161
2026-03-10 12:30:35 - train - INFO - Epoch 69 - Train Loss: 7.6499, Flow: 1.0983, LM: 2.1583
2026-03-10 12:30:35 - train - INFO - Validation - Loss: 7.9426, Flow: 1.1569, LM: 2.1582, Perplexity: 8.66
2026-03-10 12:30:35 - train - INFO - Phase Metrics - MSE: 0.5992, MAE: 0.6116, RMSE: 0.7741, Pearson: 0.3263, Spearman: 0.3180
2026-03-10 12:30:37 - train - INFO - Early stopping triggered at epoch 69
2026-03-10 12:30:37 - train - INFO - Training completed!
2026-03-10 12:30:37 - train - INFO - Best validation loss: 7.4003
2026-03-10 12:30:37 - train - INFO - 
Evaluating on test set (incomplete phase diagrams)...
2026-03-10 12:30:37 - train - INFO - ============================================================
2026-03-10 12:30:37 - train - INFO - TEST SET EVALUATION
2026-03-10 12:30:37 - train - INFO - ============================================================
2026-03-10 12:30:37 - train - INFO - Test - Loss: 7.9638, Flow: 1.1630, LM: 2.1489, Perplexity: 8.58
2026-03-10 12:30:37 - train - INFO - Phase Metrics - MSE: 0.6280, MAE: 0.6244, RMSE: 0.7925, Pearson: 0.3425, Spearman: 0.3345
2026-03-10 12:30:37 - train - INFO - ============================================================
2026-03-10 23:04:16 - train - INFO - Output directory: /data/yanjie_huang/LLPS/predictor/PhaseFlow/outputs/output_flow5_missing0_20260310
2026-03-10 23:04:17 - train - INFO - CUDA context initialized
2026-03-10 23:04:17 - train - INFO - Loading data...
2026-03-10 23:04:17 - train - INFO - Using missing threshold split: threshold=0
2026-03-10 23:04:17 - train - INFO - Using hardcoded val/test sets from phase_diagram/val_set.csv and test_set.csv
2026-03-10 23:04:17 - train - INFO - Train samples (missing <= 0): 10165
2026-03-10 23:04:17 - train - INFO - Val samples: 500
2026-03-10 23:04:17 - train - INFO - Test samples: 500
2026-03-10 23:04:17 - train - INFO - Creating model...
2026-03-10 23:04:17 - train - INFO - Model parameters: 6.85M (6,849,312)
2026-03-10 23:04:17 - train - INFO - Visualization directory: /data/yanjie_huang/LLPS/predictor/PhaseFlow/visual_training/flow5_missing0_20260310
2026-03-10 23:04:17 - train - INFO - Starting training...
2026-03-10 23:04:19 - train - INFO - Epoch 1 - Train Loss: 12.3360, Flow: 1.7679, LM: 3.4965
2026-03-10 23:04:19 - train - INFO - Validation - Loss: 12.0028, Flow: 1.7009, LM: 3.4985, Perplexity: 33.06
2026-03-10 23:04:19 - train - INFO - Phase Metrics - MSE: 1.7136, MAE: 1.0482, RMSE: 1.3090, Pearson: 0.0057, Spearman: 0.0062
2026-03-10 23:04:21 - train - INFO - Saved best model with val_loss=12.0028
2026-03-10 23:04:22 - train - INFO - Epoch 2 - Train Loss: 12.0708, Flow: 1.7160, LM: 3.4910
2026-03-10 23:04:22 - train - INFO - Validation - Loss: 11.7739, Flow: 1.6577, LM: 3.4853, Perplexity: 32.63
2026-03-10 23:04:22 - train - INFO - Phase Metrics - MSE: 1.6877, MAE: 1.0450, RMSE: 1.2991, Pearson: 0.0440, Spearman: 0.0381
2026-03-10 23:04:24 - train - INFO - Saved best model with val_loss=11.7739
2026-03-10 23:04:25 - train - INFO - Epoch 3 - Train Loss: 11.7809, Flow: 1.6625, LM: 3.4684
2026-03-10 23:04:26 - train - INFO - Validation - Loss: 11.5474, Flow: 1.6201, LM: 3.4468, Perplexity: 31.40
2026-03-10 23:04:26 - train - INFO - Phase Metrics - MSE: 1.6807, MAE: 1.0352, RMSE: 1.2964, Pearson: 0.0601, Spearman: 0.0572
2026-03-10 23:04:27 - train - INFO - Saved best model with val_loss=11.5474
2026-03-10 23:04:29 - train - INFO - Epoch 4 - Train Loss: 11.6054, Flow: 1.6369, LM: 3.4210
2026-03-10 23:04:29 - train - INFO - Validation - Loss: 11.4567, Flow: 1.6145, LM: 3.3840, Perplexity: 29.49
2026-03-10 23:04:29 - train - INFO - Phase Metrics - MSE: 1.6449, MAE: 1.0245, RMSE: 1.2826, Pearson: 0.0441, Spearman: 0.0419
2026-03-10 23:04:31 - train - INFO - Saved best model with val_loss=11.4567
2026-03-10 23:04:32 - train - INFO - Epoch 5 - Train Loss: 11.3843, Flow: 1.6063, LM: 3.3526
2026-03-10 23:04:32 - train - INFO - Validation - Loss: 11.3834, Flow: 1.6156, LM: 3.3055, Perplexity: 27.26
2026-03-10 23:04:32 - train - INFO - Phase Metrics - MSE: 1.5773, MAE: 1.0030, RMSE: 1.2559, Pearson: 0.0577, Spearman: 0.0597
2026-03-10 23:04:34 - train - INFO - Saved best model with val_loss=11.3834
2026-03-10 23:04:35 - train - INFO - Epoch 6 - Train Loss: 11.1652, Flow: 1.5791, LM: 3.2696
2026-03-10 23:04:35 - train - INFO - Validation - Loss: 11.0694, Flow: 1.5699, LM: 3.2199, Perplexity: 25.03
2026-03-10 23:04:35 - train - INFO - Phase Metrics - MSE: 1.5145, MAE: 0.9813, RMSE: 1.2306, Pearson: 0.0727, Spearman: 0.0723
2026-03-10 23:04:37 - train - INFO - Saved best model with val_loss=11.0694
2026-03-10 23:04:39 - train - INFO - Epoch 7 - Train Loss: 10.9318, Flow: 1.5489, LM: 3.1871
2026-03-10 23:04:39 - train - INFO - Validation - Loss: 10.8810, Flow: 1.5471, LM: 3.1455, Perplexity: 23.23
2026-03-10 23:04:39 - train - INFO - Phase Metrics - MSE: 1.5100, MAE: 0.9809, RMSE: 1.2288, Pearson: 0.0741, Spearman: 0.0716
2026-03-10 23:04:40 - train - INFO - Saved best model with val_loss=10.8810
2026-03-10 23:04:42 - train - INFO - Epoch 8 - Train Loss: 10.8183, Flow: 1.5408, LM: 3.1145
2026-03-10 23:04:42 - train - INFO - Validation - Loss: 10.5029, Flow: 1.4852, LM: 3.0769, Perplexity: 21.69
2026-03-10 23:04:42 - train - INFO - Phase Metrics - MSE: 1.4196, MAE: 0.9493, RMSE: 1.1915, Pearson: 0.0906, Spearman: 0.0854
2026-03-10 23:04:44 - train - INFO - Saved best model with val_loss=10.5029
2026-03-10 23:04:45 - train - INFO - Epoch 9 - Train Loss: 10.6325, Flow: 1.5172, LM: 3.0468
2026-03-10 23:04:45 - train - INFO - Validation - Loss: 10.1850, Flow: 1.4356, LM: 3.0070, Perplexity: 20.23
2026-03-10 23:04:45 - train - INFO - Phase Metrics - MSE: 1.3204, MAE: 0.9149, RMSE: 1.1491, Pearson: 0.0866, Spearman: 0.0830
2026-03-10 23:04:47 - train - INFO - Saved best model with val_loss=10.1850
2026-03-10 23:04:48 - train - INFO - Epoch 10 - Train Loss: 10.3750, Flow: 1.4802, LM: 2.9742
2026-03-10 23:04:48 - train - INFO - Validation - Loss: 10.3310, Flow: 1.4806, LM: 2.9280, Perplexity: 18.69
2026-03-10 23:04:48 - train - INFO - Phase Metrics - MSE: 1.2252, MAE: 0.8760, RMSE: 1.1069, Pearson: 0.1086, Spearman: 0.1071
2026-03-10 23:04:51 - train - INFO - Epoch 11 - Train Loss: 10.2133, Flow: 1.4641, LM: 2.8925
2026-03-10 23:04:52 - train - INFO - Validation - Loss: 9.9309, Flow: 1.4192, LM: 2.8348, Perplexity: 17.03
2026-03-10 23:04:52 - train - INFO - Phase Metrics - MSE: 1.1452, MAE: 0.8453, RMSE: 1.0701, Pearson: 0.1203, Spearman: 0.1265
2026-03-10 23:04:53 - train - INFO - Saved best model with val_loss=9.9309
2026-03-10 23:04:54 - train - INFO - Epoch 12 - Train Loss: 10.0794, Flow: 1.4565, LM: 2.7967
2026-03-10 23:04:55 - train - INFO - Validation - Loss: 9.6833, Flow: 1.3906, LM: 2.7303, Perplexity: 15.34
2026-03-10 23:04:55 - train - INFO - Phase Metrics - MSE: 1.1205, MAE: 0.8356, RMSE: 1.0585, Pearson: 0.0981, Spearman: 0.0980
2026-03-10 23:04:57 - train - INFO - Saved best model with val_loss=9.6833
2026-03-10 23:04:58 - train - INFO - Epoch 13 - Train Loss: 9.8623, Flow: 1.4326, LM: 2.6992
2026-03-10 23:04:58 - train - INFO - Validation - Loss: 9.6913, Flow: 1.4119, LM: 2.6318, Perplexity: 13.90
2026-03-10 23:04:58 - train - INFO - Phase Metrics - MSE: 1.0617, MAE: 0.8087, RMSE: 1.0304, Pearson: 0.1151, Spearman: 0.1156
2026-03-10 23:05:01 - train - INFO - Epoch 14 - Train Loss: 9.7205, Flow: 1.4227, LM: 2.6071
2026-03-10 23:05:01 - train - INFO - Validation - Loss: 9.5640, Flow: 1.4038, LM: 2.5448, Perplexity: 12.74
2026-03-10 23:05:01 - train - INFO - Phase Metrics - MSE: 1.0034, MAE: 0.7890, RMSE: 1.0017, Pearson: 0.1293, Spearman: 0.1284
2026-03-10 23:05:03 - train - INFO - Saved best model with val_loss=9.5640
2026-03-10 23:05:04 - train - INFO - Epoch 15 - Train Loss: 9.5493, Flow: 1.4036, LM: 2.5313
2026-03-10 23:05:04 - train - INFO - Validation - Loss: 9.3415, Flow: 1.3723, LM: 2.4800, Perplexity: 11.94
2026-03-10 23:05:04 - train - INFO - Phase Metrics - MSE: 0.9510, MAE: 0.7678, RMSE: 0.9752, Pearson: 0.1622, Spearman: 0.1673
2026-03-10 23:05:06 - train - INFO - Saved best model with val_loss=9.3415
2026-03-10 23:05:07 - train - INFO - Epoch 16 - Train Loss: 9.4446, Flow: 1.3941, LM: 2.4741
2026-03-10 23:05:07 - train - INFO - Validation - Loss: 9.1771, Flow: 1.3483, LM: 2.4354, Perplexity: 11.42
2026-03-10 23:05:07 - train - INFO - Phase Metrics - MSE: 0.8748, MAE: 0.7340, RMSE: 0.9353, Pearson: 0.1617, Spearman: 0.1733
2026-03-10 23:05:09 - train - INFO - Saved best model with val_loss=9.1771
2026-03-10 23:05:11 - train - INFO - Epoch 17 - Train Loss: 9.2520, Flow: 1.3634, LM: 2.4352
2026-03-10 23:05:11 - train - INFO - Validation - Loss: 8.8377, Flow: 1.2868, LM: 2.4037, Perplexity: 11.06
2026-03-10 23:05:11 - train - INFO - Phase Metrics - MSE: 0.8468, MAE: 0.7214, RMSE: 0.9202, Pearson: 0.1433, Spearman: 0.1572
2026-03-10 23:05:13 - train - INFO - Saved best model with val_loss=8.8377
2026-03-10 23:05:14 - train - INFO - Epoch 18 - Train Loss: 9.0119, Flow: 1.3211, LM: 2.4064
2026-03-10 23:05:14 - train - INFO - Validation - Loss: 8.7779, Flow: 1.2793, LM: 2.3812, Perplexity: 10.82
2026-03-10 23:05:14 - train - INFO - Phase Metrics - MSE: 0.7789, MAE: 0.7008, RMSE: 0.8826, Pearson: 0.1734, Spearman: 0.1767
2026-03-10 23:05:16 - train - INFO - Saved best model with val_loss=8.7779
2026-03-10 23:05:17 - train - INFO - Epoch 19 - Train Loss: 8.8214, Flow: 1.2872, LM: 2.3853
2026-03-10 23:05:17 - train - INFO - Validation - Loss: 8.5880, Flow: 1.2448, LM: 2.3641, Perplexity: 10.63
2026-03-10 23:05:17 - train - INFO - Phase Metrics - MSE: 0.7298, MAE: 0.6771, RMSE: 0.8543, Pearson: 0.2073, Spearman: 0.2106
2026-03-10 23:05:19 - train - INFO - Saved best model with val_loss=8.5880
2026-03-10 23:05:20 - train - INFO - Epoch 20 - Train Loss: 8.6702, Flow: 1.2603, LM: 2.3688
2026-03-10 23:05:20 - train - INFO - Validation - Loss: 8.3945, Flow: 1.2091, LM: 2.3492, Perplexity: 10.48
2026-03-10 23:05:20 - train - INFO - Phase Metrics - MSE: 0.7139, MAE: 0.6675, RMSE: 0.8449, Pearson: 0.2206, Spearman: 0.2248
2026-03-10 23:05:22 - train - INFO - Saved best model with val_loss=8.3945
2026-03-10 23:05:24 - train - INFO - Epoch 21 - Train Loss: 8.5609, Flow: 1.2413, LM: 2.3542
2026-03-10 23:05:24 - train - INFO - Validation - Loss: 8.3504, Flow: 1.2029, LM: 2.3361, Perplexity: 10.34
2026-03-10 23:05:24 - train - INFO - Phase Metrics - MSE: 0.6856, MAE: 0.6562, RMSE: 0.8280, Pearson: 0.2269, Spearman: 0.2311
2026-03-10 23:05:26 - train - INFO - Saved best model with val_loss=8.3504
2026-03-10 23:05:27 - train - INFO - Epoch 22 - Train Loss: 8.4744, Flow: 1.2267, LM: 2.3408
2026-03-10 23:05:27 - train - INFO - Validation - Loss: 8.4643, Flow: 1.2281, LM: 2.3240, Perplexity: 10.22
2026-03-10 23:05:27 - train - INFO - Phase Metrics - MSE: 0.6666, MAE: 0.6487, RMSE: 0.8164, Pearson: 0.2243, Spearman: 0.2270
2026-03-10 23:05:30 - train - INFO - Epoch 23 - Train Loss: 8.3912, Flow: 1.2126, LM: 2.3281
2026-03-10 23:05:30 - train - INFO - Validation - Loss: 8.1656, Flow: 1.1712, LM: 2.3098, Perplexity: 10.07
2026-03-10 23:05:30 - train - INFO - Phase Metrics - MSE: 0.6471, MAE: 0.6343, RMSE: 0.8044, Pearson: 0.2522, Spearman: 0.2607
2026-03-10 23:05:32 - train - INFO - Saved best model with val_loss=8.1656
2026-03-10 23:05:33 - train - INFO - Epoch 24 - Train Loss: 8.3242, Flow: 1.2021, LM: 2.3139
2026-03-10 23:05:33 - train - INFO - Validation - Loss: 8.0301, Flow: 1.1469, LM: 2.2956, Perplexity: 9.93
2026-03-10 23:05:33 - train - INFO - Phase Metrics - MSE: 0.6362, MAE: 0.6298, RMSE: 0.7976, Pearson: 0.2686, Spearman: 0.2752
2026-03-10 23:05:35 - train - INFO - Saved best model with val_loss=8.0301
2026-03-10 23:05:36 - train - INFO - Epoch 25 - Train Loss: 8.2483, Flow: 1.1898, LM: 2.2995
2026-03-10 23:05:37 - train - INFO - Validation - Loss: 8.2375, Flow: 1.1915, LM: 2.2799, Perplexity: 9.78
2026-03-10 23:05:37 - train - INFO - Phase Metrics - MSE: 0.6404, MAE: 0.6292, RMSE: 0.8003, Pearson: 0.2628, Spearman: 0.2703
2026-03-10 23:05:40 - train - INFO - Epoch 26 - Train Loss: 8.2480, Flow: 1.1926, LM: 2.2848
2026-03-10 23:05:40 - train - INFO - Validation - Loss: 7.9925, Flow: 1.1446, LM: 2.2694, Perplexity: 9.67
2026-03-10 23:05:40 - train - INFO - Phase Metrics - MSE: 0.6225, MAE: 0.6237, RMSE: 0.7890, Pearson: 0.2917, Spearman: 0.2930
2026-03-10 23:05:41 - train - INFO - Saved best model with val_loss=7.9925
2026-03-10 23:05:43 - train - INFO - Epoch 27 - Train Loss: 8.2053, Flow: 1.1867, LM: 2.2718
2026-03-10 23:05:43 - train - INFO - Validation - Loss: 8.1405, Flow: 1.1765, LM: 2.2580, Perplexity: 9.56
2026-03-10 23:05:43 - train - INFO - Phase Metrics - MSE: 0.6257, MAE: 0.6228, RMSE: 0.7910, Pearson: 0.2871, Spearman: 0.2914
2026-03-10 23:05:46 - train - INFO - Epoch 28 - Train Loss: 8.2025, Flow: 1.1880, LM: 2.2625
2026-03-10 23:05:46 - train - INFO - Validation - Loss: 8.2228, Flow: 1.1954, LM: 2.2459, Perplexity: 9.45
2026-03-10 23:05:46 - train - INFO - Phase Metrics - MSE: 0.6165, MAE: 0.6221, RMSE: 0.7852, Pearson: 0.2868, Spearman: 0.2849
2026-03-10 23:05:49 - train - INFO - Epoch 29 - Train Loss: 8.1447, Flow: 1.1781, LM: 2.2541
2026-03-10 23:05:49 - train - INFO - Validation - Loss: 7.9708, Flow: 1.1457, LM: 2.2422, Perplexity: 9.41
2026-03-10 23:05:49 - train - INFO - Phase Metrics - MSE: 0.6189, MAE: 0.6228, RMSE: 0.7867, Pearson: 0.2697, Spearman: 0.2696
2026-03-10 23:05:51 - train - INFO - Saved best model with val_loss=7.9708
2026-03-10 23:05:52 - train - INFO - Epoch 30 - Train Loss: 8.1143, Flow: 1.1733, LM: 2.2480
2026-03-10 23:05:52 - train - INFO - Validation - Loss: 7.9119, Flow: 1.1352, LM: 2.2357, Perplexity: 9.35
2026-03-10 23:05:52 - train - INFO - Phase Metrics - MSE: 0.6193, MAE: 0.6237, RMSE: 0.7870, Pearson: 0.2826, Spearman: 0.2790
2026-03-10 23:05:54 - train - INFO - Saved best model with val_loss=7.9119
2026-03-10 23:05:55 - train - INFO - Epoch 31 - Train Loss: 8.0870, Flow: 1.1687, LM: 2.2437
2026-03-10 23:05:56 - train - INFO - Validation - Loss: 7.9455, Flow: 1.1422, LM: 2.2343, Perplexity: 9.34
2026-03-10 23:05:56 - train - INFO - Phase Metrics - MSE: 0.6089, MAE: 0.6144, RMSE: 0.7803, Pearson: 0.2918, Spearman: 0.2977
2026-03-10 23:05:58 - train - INFO - Epoch 32 - Train Loss: 8.1032, Flow: 1.1728, LM: 2.2392
2026-03-10 23:05:59 - train - INFO - Validation - Loss: 8.0415, Flow: 1.1627, LM: 2.2279, Perplexity: 9.28
2026-03-10 23:05:59 - train - INFO - Phase Metrics - MSE: 0.6041, MAE: 0.6112, RMSE: 0.7773, Pearson: 0.2974, Spearman: 0.3000
2026-03-10 23:06:02 - train - INFO - Epoch 33 - Train Loss: 8.0755, Flow: 1.1676, LM: 2.2376
2026-03-10 23:06:02 - train - INFO - Validation - Loss: 8.0361, Flow: 1.1616, LM: 2.2282, Perplexity: 9.28
2026-03-10 23:06:02 - train - INFO - Phase Metrics - MSE: 0.6094, MAE: 0.6159, RMSE: 0.7807, Pearson: 0.3138, Spearman: 0.3142
2026-03-10 23:06:05 - train - INFO - Epoch 34 - Train Loss: 8.0193, Flow: 1.1575, LM: 2.2318
2026-03-10 23:06:05 - train - INFO - Validation - Loss: 7.9759, Flow: 1.1505, LM: 2.2233, Perplexity: 9.24
2026-03-10 23:06:05 - train - INFO - Phase Metrics - MSE: 0.6028, MAE: 0.6117, RMSE: 0.7764, Pearson: 0.3110, Spearman: 0.3150
2026-03-10 23:06:08 - train - INFO - Epoch 35 - Train Loss: 8.0473, Flow: 1.1639, LM: 2.2280
2026-03-10 23:06:08 - train - INFO - Validation - Loss: 7.8460, Flow: 1.1256, LM: 2.2179, Perplexity: 9.19
2026-03-10 23:06:08 - train - INFO - Phase Metrics - MSE: 0.6049, MAE: 0.6086, RMSE: 0.7778, Pearson: 0.3011, Spearman: 0.3057
2026-03-10 23:06:10 - train - INFO - Saved best model with val_loss=7.8460
2026-03-10 23:06:11 - train - INFO - Epoch 36 - Train Loss: 8.0362, Flow: 1.1625, LM: 2.2235
2026-03-10 23:06:11 - train - INFO - Validation - Loss: 7.9322, Flow: 1.1415, LM: 2.2246, Perplexity: 9.25
2026-03-10 23:06:11 - train - INFO - Phase Metrics - MSE: 0.6132, MAE: 0.6183, RMSE: 0.7831, Pearson: 0.2951, Spearman: 0.2997
2026-03-10 23:06:15 - train - INFO - Epoch 37 - Train Loss: 8.0164, Flow: 1.1587, LM: 2.2230
2026-03-10 23:06:15 - train - INFO - Validation - Loss: 7.9299, Flow: 1.1430, LM: 2.2151, Perplexity: 9.16
2026-03-10 23:06:15 - train - INFO - Phase Metrics - MSE: 0.6048, MAE: 0.6155, RMSE: 0.7777, Pearson: 0.3064, Spearman: 0.3075
2026-03-10 23:06:18 - train - INFO - Epoch 38 - Train Loss: 7.9958, Flow: 1.1556, LM: 2.2176
2026-03-10 23:06:18 - train - INFO - Validation - Loss: 7.9861, Flow: 1.1555, LM: 2.2085, Perplexity: 9.10
2026-03-10 23:06:18 - train - INFO - Phase Metrics - MSE: 0.6092, MAE: 0.6136, RMSE: 0.7805, Pearson: 0.2980, Spearman: 0.3039
2026-03-10 23:06:21 - train - INFO - Epoch 39 - Train Loss: 7.9651, Flow: 1.1501, LM: 2.2146
2026-03-10 23:06:21 - train - INFO - Validation - Loss: 7.9469, Flow: 1.1479, LM: 2.2074, Perplexity: 9.09
2026-03-10 23:06:21 - train - INFO - Phase Metrics - MSE: 0.6054, MAE: 0.6129, RMSE: 0.7781, Pearson: 0.3180, Spearman: 0.3193
2026-03-10 23:06:24 - train - INFO - Epoch 40 - Train Loss: 7.9469, Flow: 1.1471, LM: 2.2115
2026-03-10 23:06:25 - train - INFO - Validation - Loss: 7.7957, Flow: 1.1186, LM: 2.2028, Perplexity: 9.05
2026-03-10 23:06:25 - train - INFO - Phase Metrics - MSE: 0.5987, MAE: 0.6093, RMSE: 0.7738, Pearson: 0.3122, Spearman: 0.3157
2026-03-10 23:06:27 - train - INFO - Saved best model with val_loss=7.7957
2026-03-10 23:06:28 - train - INFO - Epoch 41 - Train Loss: 7.9740, Flow: 1.1533, LM: 2.2076
2026-03-10 23:06:28 - train - INFO - Validation - Loss: 7.8672, Flow: 1.1331, LM: 2.2015, Perplexity: 9.04
2026-03-10 23:06:28 - train - INFO - Phase Metrics - MSE: 0.6046, MAE: 0.6139, RMSE: 0.7775, Pearson: 0.3038, Spearman: 0.3006
2026-03-10 23:06:31 - train - INFO - Epoch 42 - Train Loss: 7.8987, Flow: 1.1388, LM: 2.2049
2026-03-10 23:06:31 - train - INFO - Validation - Loss: 7.8044, Flow: 1.1209, LM: 2.2001, Perplexity: 9.03
2026-03-10 23:06:31 - train - INFO - Phase Metrics - MSE: 0.5960, MAE: 0.6111, RMSE: 0.7720, Pearson: 0.3219, Spearman: 0.3185
2026-03-10 23:06:34 - train - INFO - Epoch 43 - Train Loss: 7.9423, Flow: 1.1479, LM: 2.2029
2026-03-10 23:06:34 - train - INFO - Validation - Loss: 7.9133, Flow: 1.1428, LM: 2.1991, Perplexity: 9.02
2026-03-10 23:06:34 - train - INFO - Phase Metrics - MSE: 0.6006, MAE: 0.6092, RMSE: 0.7750, Pearson: 0.3086, Spearman: 0.3125
2026-03-10 23:06:37 - train - INFO - Epoch 44 - Train Loss: 7.8912, Flow: 1.1383, LM: 2.1996
2026-03-10 23:06:37 - train - INFO - Validation - Loss: 7.7213, Flow: 1.1058, LM: 2.1923, Perplexity: 8.96
2026-03-10 23:06:37 - train - INFO - Phase Metrics - MSE: 0.6010, MAE: 0.6135, RMSE: 0.7753, Pearson: 0.2937, Spearman: 0.2934
2026-03-10 23:06:39 - train - INFO - Saved best model with val_loss=7.7213
2026-03-10 23:06:40 - train - INFO - Epoch 45 - Train Loss: 7.8827, Flow: 1.1372, LM: 2.1966
2026-03-10 23:06:41 - train - INFO - Validation - Loss: 7.7423, Flow: 1.1099, LM: 2.1930, Perplexity: 8.96
2026-03-10 23:06:41 - train - INFO - Phase Metrics - MSE: 0.5962, MAE: 0.6097, RMSE: 0.7721, Pearson: 0.3127, Spearman: 0.3139
2026-03-10 23:06:43 - train - INFO - Epoch 46 - Train Loss: 7.8523, Flow: 1.1318, LM: 2.1934
2026-03-10 23:06:44 - train - INFO - Validation - Loss: 7.9647, Flow: 1.1555, LM: 2.1872, Perplexity: 8.91
2026-03-10 23:06:44 - train - INFO - Phase Metrics - MSE: 0.6014, MAE: 0.6117, RMSE: 0.7755, Pearson: 0.3009, Spearman: 0.3033
2026-03-10 23:06:47 - train - INFO - Epoch 47 - Train Loss: 7.8995, Flow: 1.1417, LM: 2.1908
2026-03-10 23:06:47 - train - INFO - Validation - Loss: 7.9094, Flow: 1.1444, LM: 2.1874, Perplexity: 8.91
2026-03-10 23:06:47 - train - INFO - Phase Metrics - MSE: 0.5978, MAE: 0.6079, RMSE: 0.7731, Pearson: 0.3131, Spearman: 0.3115
2026-03-10 23:06:50 - train - INFO - Epoch 48 - Train Loss: 7.8633, Flow: 1.1345, LM: 2.1908
2026-03-10 23:06:50 - train - INFO - Validation - Loss: 8.0136, Flow: 1.1646, LM: 2.1904, Perplexity: 8.94
2026-03-10 23:06:50 - train - INFO - Phase Metrics - MSE: 0.5948, MAE: 0.6072, RMSE: 0.7712, Pearson: 0.3214, Spearman: 0.3247
2026-03-10 23:06:53 - train - INFO - Epoch 49 - Train Loss: 7.8962, Flow: 1.1417, LM: 2.1875
2026-03-10 23:06:53 - train - INFO - Validation - Loss: 7.4003, Flow: 1.0440, LM: 2.1804, Perplexity: 8.85
2026-03-10 23:06:53 - train - INFO - Phase Metrics - MSE: 0.5979, MAE: 0.6079, RMSE: 0.7732, Pearson: 0.3250, Spearman: 0.3278
2026-03-10 23:06:55 - train - INFO - Saved best model with val_loss=7.4003
2026-03-10 23:06:56 - train - INFO - Epoch 50 - Train Loss: 7.8558, Flow: 1.1339, LM: 2.1862
2026-03-10 23:06:56 - train - INFO - Validation - Loss: 7.9078, Flow: 1.1455, LM: 2.1804, Perplexity: 8.85
2026-03-10 23:06:56 - train - INFO - Phase Metrics - MSE: 0.6010, MAE: 0.6119, RMSE: 0.7753, Pearson: 0.3048, Spearman: 0.3027
2026-03-10 23:06:59 - train - INFO - Epoch 51 - Train Loss: 7.8110, Flow: 1.1251, LM: 2.1855
2026-03-10 23:06:59 - train - INFO - Validation - Loss: 7.7445, Flow: 1.1127, LM: 2.1809, Perplexity: 8.85
2026-03-10 23:06:59 - train - INFO - Phase Metrics - MSE: 0.5936, MAE: 0.6079, RMSE: 0.7704, Pearson: 0.3201, Spearman: 0.3158
2026-03-10 23:07:02 - train - INFO - Epoch 52 - Train Loss: 7.8528, Flow: 1.1341, LM: 2.1824
2026-03-10 23:07:02 - train - INFO - Validation - Loss: 7.7733, Flow: 1.1195, LM: 2.1761, Perplexity: 8.81
2026-03-10 23:07:02 - train - INFO - Phase Metrics - MSE: 0.5991, MAE: 0.6082, RMSE: 0.7740, Pearson: 0.3139, Spearman: 0.3150
2026-03-10 23:07:05 - train - INFO - Epoch 53 - Train Loss: 7.8294, Flow: 1.1293, LM: 2.1827
2026-03-10 23:07:06 - train - INFO - Validation - Loss: 7.9734, Flow: 1.1591, LM: 2.1780, Perplexity: 8.83
2026-03-10 23:07:06 - train - INFO - Phase Metrics - MSE: 0.6003, MAE: 0.6097, RMSE: 0.7748, Pearson: 0.3136, Spearman: 0.3140
2026-03-10 23:07:09 - train - INFO - Epoch 54 - Train Loss: 7.8415, Flow: 1.1328, LM: 2.1775
2026-03-10 23:07:09 - train - INFO - Validation - Loss: 7.7103, Flow: 1.1075, LM: 2.1727, Perplexity: 8.78
2026-03-10 23:07:09 - train - INFO - Phase Metrics - MSE: 0.6046, MAE: 0.6101, RMSE: 0.7776, Pearson: 0.3197, Spearman: 0.3195
2026-03-10 23:07:12 - train - INFO - Epoch 55 - Train Loss: 7.8594, Flow: 1.1366, LM: 2.1762
2026-03-10 23:07:12 - train - INFO - Validation - Loss: 7.6909, Flow: 1.1039, LM: 2.1716, Perplexity: 8.77
2026-03-10 23:07:12 - train - INFO - Phase Metrics - MSE: 0.5889, MAE: 0.6036, RMSE: 0.7674, Pearson: 0.3326, Spearman: 0.3290
2026-03-10 23:07:15 - train - INFO - Epoch 56 - Train Loss: 7.8463, Flow: 1.1342, LM: 2.1753
2026-03-10 23:07:15 - train - INFO - Validation - Loss: 7.8153, Flow: 1.1284, LM: 2.1731, Perplexity: 8.79
2026-03-10 23:07:15 - train - INFO - Phase Metrics - MSE: 0.5996, MAE: 0.6121, RMSE: 0.7743, Pearson: 0.3225, Spearman: 0.3208
2026-03-10 23:07:18 - train - INFO - Epoch 57 - Train Loss: 7.7935, Flow: 1.1238, LM: 2.1744
2026-03-10 23:07:18 - train - INFO - Validation - Loss: 7.9687, Flow: 1.1600, LM: 2.1686, Perplexity: 8.75
2026-03-10 23:07:18 - train - INFO - Phase Metrics - MSE: 0.5994, MAE: 0.6118, RMSE: 0.7742, Pearson: 0.3003, Spearman: 0.2943
2026-03-10 23:07:21 - train - INFO - Epoch 58 - Train Loss: 7.8382, Flow: 1.1332, LM: 2.1720
2026-03-10 23:07:21 - train - INFO - Validation - Loss: 7.7609, Flow: 1.1183, LM: 2.1696, Perplexity: 8.75
2026-03-10 23:07:21 - train - INFO - Phase Metrics - MSE: 0.5988, MAE: 0.6096, RMSE: 0.7738, Pearson: 0.3179, Spearman: 0.3165
2026-03-10 23:07:24 - train - INFO - Epoch 59 - Train Loss: 7.7515, Flow: 1.1164, LM: 2.1696
2026-03-10 23:07:24 - train - INFO - Validation - Loss: 7.9451, Flow: 1.1558, LM: 2.1659, Perplexity: 8.72
2026-03-10 23:07:24 - train - INFO - Phase Metrics - MSE: 0.5969, MAE: 0.6081, RMSE: 0.7726, Pearson: 0.3073, Spearman: 0.2986
2026-03-10 23:07:27 - train - INFO - Epoch 60 - Train Loss: 7.7630, Flow: 1.1186, LM: 2.1701
2026-03-10 23:07:28 - train - INFO - Validation - Loss: 7.9918, Flow: 1.1651, LM: 2.1663, Perplexity: 8.73
2026-03-10 23:07:28 - train - INFO - Phase Metrics - MSE: 0.6048, MAE: 0.6128, RMSE: 0.7777, Pearson: 0.3157, Spearman: 0.3097
2026-03-10 23:07:31 - train - INFO - Epoch 61 - Train Loss: 7.7357, Flow: 1.1126, LM: 2.1728
2026-03-10 23:07:31 - train - INFO - Validation - Loss: 7.8323, Flow: 1.1333, LM: 2.1661, Perplexity: 8.72
2026-03-10 23:07:31 - train - INFO - Phase Metrics - MSE: 0.5990, MAE: 0.6074, RMSE: 0.7740, Pearson: 0.3217, Spearman: 0.3215
2026-03-10 23:07:34 - train - INFO - Epoch 62 - Train Loss: 7.7339, Flow: 1.1129, LM: 2.1694
2026-03-10 23:07:34 - train - INFO - Validation - Loss: 7.7691, Flow: 1.1201, LM: 2.1687, Perplexity: 8.75
2026-03-10 23:07:34 - train - INFO - Phase Metrics - MSE: 0.5985, MAE: 0.6068, RMSE: 0.7736, Pearson: 0.3202, Spearman: 0.3190
2026-03-10 23:07:37 - train - INFO - Epoch 63 - Train Loss: 7.6699, Flow: 1.1005, LM: 2.1676
2026-03-10 23:07:37 - train - INFO - Validation - Loss: 8.0829, Flow: 1.1836, LM: 2.1650, Perplexity: 8.71
2026-03-10 23:07:37 - train - INFO - Phase Metrics - MSE: 0.6022, MAE: 0.6104, RMSE: 0.7760, Pearson: 0.3207, Spearman: 0.3154
2026-03-10 23:07:40 - train - INFO - Epoch 64 - Train Loss: 7.7377, Flow: 1.1143, LM: 2.1664
2026-03-10 23:07:40 - train - INFO - Validation - Loss: 7.8046, Flow: 1.1267, LM: 2.1710, Perplexity: 8.77
2026-03-10 23:07:40 - train - INFO - Phase Metrics - MSE: 0.5998, MAE: 0.6106, RMSE: 0.7745, Pearson: 0.3113, Spearman: 0.3057
2026-03-10 23:07:43 - train - INFO - Epoch 65 - Train Loss: 7.7536, Flow: 1.1175, LM: 2.1661
2026-03-10 23:07:43 - train - INFO - Validation - Loss: 8.1100, Flow: 1.1892, LM: 2.1638, Perplexity: 8.70
2026-03-10 23:07:43 - train - INFO - Phase Metrics - MSE: 0.6109, MAE: 0.6158, RMSE: 0.7816, Pearson: 0.3151, Spearman: 0.3100
2026-03-10 23:07:46 - train - INFO - Epoch 66 - Train Loss: 7.7359, Flow: 1.1147, LM: 2.1624
2026-03-10 23:07:46 - train - INFO - Validation - Loss: 7.9236, Flow: 1.1525, LM: 2.1613, Perplexity: 8.68
2026-03-10 23:07:46 - train - INFO - Phase Metrics - MSE: 0.6034, MAE: 0.6116, RMSE: 0.7768, Pearson: 0.3195, Spearman: 0.3126
2026-03-10 23:07:49 - train - INFO - Epoch 67 - Train Loss: 7.6645, Flow: 1.1010, LM: 2.1596
2026-03-10 23:07:50 - train - INFO - Validation - Loss: 7.9675, Flow: 1.1609, LM: 2.1628, Perplexity: 8.70
2026-03-10 23:07:50 - train - INFO - Phase Metrics - MSE: 0.6109, MAE: 0.6143, RMSE: 0.7816, Pearson: 0.3106, Spearman: 0.3022
2026-03-10 23:07:53 - train - INFO - Epoch 68 - Train Loss: 7.6849, Flow: 1.1044, LM: 2.1630
2026-03-10 23:07:53 - train - INFO - Validation - Loss: 7.9601, Flow: 1.1599, LM: 2.1607, Perplexity: 8.68
2026-03-10 23:07:53 - train - INFO - Phase Metrics - MSE: 0.6100, MAE: 0.6144, RMSE: 0.7810, Pearson: 0.3209, Spearman: 0.3161
2026-03-10 23:07:56 - train - INFO - Epoch 69 - Train Loss: 7.6499, Flow: 1.0983, LM: 2.1583
2026-03-10 23:07:56 - train - INFO - Validation - Loss: 7.9426, Flow: 1.1569, LM: 2.1582, Perplexity: 8.66
2026-03-10 23:07:56 - train - INFO - Phase Metrics - MSE: 0.5992, MAE: 0.6116, RMSE: 0.7741, Pearson: 0.3263, Spearman: 0.3180
2026-03-10 23:07:58 - train - INFO - Early stopping triggered at epoch 69
2026-03-10 23:07:58 - train - INFO - Training completed!
2026-03-10 23:07:58 - train - INFO - Best validation loss: 7.4003
2026-03-10 23:07:58 - train - INFO - 
Evaluating on test set (incomplete phase diagrams)...
2026-03-10 23:07:58 - train - INFO - ============================================================
2026-03-10 23:07:58 - train - INFO - TEST SET EVALUATION
2026-03-10 23:07:58 - train - INFO - ============================================================
2026-03-10 23:07:58 - train - INFO - Test - Loss: 7.9638, Flow: 1.1630, LM: 2.1489, Perplexity: 8.58
2026-03-10 23:07:58 - train - INFO - Phase Metrics - MSE: 0.6280, MAE: 0.6244, RMSE: 0.7925, Pearson: 0.3425, Spearman: 0.3345
2026-03-10 23:07:58 - train - INFO - ============================================================
2026-03-10 23:07:58 - train - INFO - Test results saved to: /data/yanjie_huang/LLPS/predictor/PhaseFlow/outputs/output_flow5_missing0_20260310/test_results.json
2026-03-10 23:07:58 - train - INFO - Done!
